2017-12-19 18:57:26,075 - os.name - Windows 10
2017-12-19 18:57:26,075 - os.arch - amd64
2017-12-19 18:57:26,075 - os.version - 10.0
2017-12-19 18:57:26,075 - java.version - 1.8.0_92
2017-12-19 18:57:26,075 - java.vendor - Oracle Corporation
2017-12-19 18:57:26,075 - java.vendor.url - http://java.oracle.com/
2017-12-19 18:57:26,075 - java.home - C:\Program Files\Java\jre1.8.0_92
2017-12-19 18:57:26,075 - java.vm.specification.name - Java Virtual Machine Specification
2017-12-19 18:57:26,075 - java.vm.specification.vendor - Oracle Corporation
2017-12-19 18:57:26,075 - java.vm.specification.version - 1.8
2017-12-19 18:57:26,075 - java.class.path - D:\eclipse\\plugins/org.eclipse.equinox.launcher_1.3.200.v20160318-1642.jar
2017-12-19 18:57:26,075 - java.library.path - D:\eclipse;C:\WINDOWS\Sun\Java\bin;C:\WINDOWS\system32;C:\WINDOWS;C:/Program Files/Java/jre1.8.0_92/bin/server;C:/Program Files/Java/jre1.8.0_92/bin;C:/Program Files/Java/jre1.8.0_92/lib/amd64;C:\ProgramData\Oracle\Java\javapath;D:\SlickEdit Pro 21.0.3\win\;C:\WINDOWS\system32;C:\WINDOWS;C:\WINDOWS\System32\Wbem;C:\WINDOWS\System32\WindowsPowerShell\v1.0\;D:\Git\cmd;"C:\Program Files\Java\jdk1.8.0_92\bin;C:\Program Files\Java\jdk1.8.0_92\jre\bin";C:\Users\wolai\AppData\Local\Microsoft\WindowsApps;;D:\VS Code\bin;D:\eclipse;;.
2017-12-19 18:57:26,075 - --------------------------------------
2017-12-19 18:57:26,075 - ## Eclipse Plug-ins Log Information ##
2017-12-19 18:57:26,075 - --------------------------------------
2017-12-19 18:57:26,091 - javax.el - 2.2.0.v201303151357
2017-12-19 18:57:26,091 - javax.servlet - 3.1.0.v201410161800
2017-12-19 18:57:26,091 - javax.servlet.jsp - 2.2.0.v201112011158
2017-12-19 18:57:26,091 - com.sun.el - 2.2.0.v201303151357
2017-12-19 18:57:26,091 - org.apache.commons.logging - 1.1.1.v201101211721
2017-12-19 18:57:26,091 - org.apache.jasper.glassfish - 2.2.2.v201501141630
2017-12-19 18:57:26,091 - org.apache.lucene.analysis - 3.5.0.v20120725-1805
2017-12-19 18:57:26,091 - org.apache.lucene.core - 3.5.0.v20120725-1805
2017-12-19 18:57:26,091 - org.eclipse.equinox.http.jetty - 3.3.0.v20160324-1850
2017-12-19 18:57:26,091 - org.eclipse.equinox.http.registry - 1.1.400.v20150715-1528
2017-12-19 18:57:26,091 - org.eclipse.equinox.http.servlet - 1.3.0.v20160517-1559
2017-12-19 18:57:26,091 - org.eclipse.equinox.jsp.jasper - 1.0.500.v20150119-1358
2017-12-19 18:57:26,091 - org.eclipse.equinox.jsp.jasper.registry - 1.0.300.v20130327-1442
2017-12-19 18:57:26,091 - org.eclipse.help.base - 4.1.0.v20160606-1100
2017-12-19 18:57:26,091 - org.eclipse.help.ui - 4.0.200.v20160510-0758
2017-12-19 18:57:26,091 - org.eclipse.help.webapp - 3.8.0.v20160504-0839
2017-12-19 18:57:26,091 - org.eclipse.jetty.continuation - 9.3.9.v20160517
2017-12-19 18:57:26,091 - org.eclipse.jetty.http - 9.3.9.v20160517
2017-12-19 18:57:26,107 - org.eclipse.jetty.io - 9.3.9.v20160517
2017-12-19 18:57:26,107 - org.eclipse.jetty.security - 9.3.9.v20160517
2017-12-19 18:57:26,107 - org.eclipse.jetty.server - 9.3.9.v20160517
2017-12-19 18:57:26,107 - org.eclipse.jetty.servlet - 9.3.9.v20160517
2017-12-19 18:57:26,107 - org.eclipse.jetty.util - 9.3.9.v20160517
2017-12-19 18:57:26,107 - org.eclipse.core.net - 1.3.0.v20160418-1534
2017-12-19 18:57:26,107 - org.eclipse.equinox.security - 1.2.200.v20150715-1528
2017-12-19 18:57:26,107 - org.eclipse.andmore.hierarchyviewer - 0.5.0.201605181018
2017-12-19 18:57:26,107 - org.eclipse.mylyn.bugzilla.core - 3.20.0.v20160425-1835
2017-12-19 18:57:26,107 - org.eclipse.mylyn.bugzilla.ui - 3.20.0.v20160425-1835
2017-12-19 18:57:26,107 - org.eclipse.sequoyah.device.backward - 2.1.0.N20120718-0509
2017-12-19 18:57:26,107 - org.eclipse.sequoyah.device.framework - 2.1.0.N20120718-0509
2017-12-19 18:57:26,107 - org.eclipse.sequoyah.device.framework.ui - 2.1.0.N20120718-0509
2017-12-19 18:57:26,107 - org.eclipse.sequoyah.device.service.start - 2.1.0.N20120718-0509
2017-12-19 18:57:26,107 - org.eclipse.sequoyah.device.service.stop - 2.1.0.N20120718-0509
2017-12-19 18:57:26,107 - org.eclipse.sequoyah.device.framework.wizard - 2.1.0.N20120718-0509
2017-12-19 18:57:26,107 - org.eclipse.buildship.core - 1.0.15.v20160425-1638
2017-12-19 18:57:26,107 - org.eclipse.buildship.ui - 1.0.15.v20160425-1638
2017-12-19 18:57:26,107 - org.eclipse.buildship.branding - 1.0.15.v20160425-1638
2017-12-19 18:57:26,107 - org.eclipse.buildship.stsmigration - 1.0.15.v20160425-1638
2017-12-19 18:57:26,107 - org.eclipse.mylyn.tasks.core - 3.20.0.v20160608-1838
2017-12-19 18:57:26,107 - org.eclipse.mylyn.tasks.index.core - 3.20.0.v20160425-1835
2017-12-19 18:57:26,107 - org.eclipse.mylyn.tasks.index.ui - 3.20.0.v20160425-1835
2017-12-19 18:57:26,107 - org.eclipse.mylyn.tasks.search - 3.20.0.v20160425-1835
2017-12-19 18:57:26,107 - org.eclipse.mylyn.tasks.ui - 3.20.0.v20160608-1838
2017-12-19 18:57:26,122 - org.eclipse.egit.core - 4.4.0.201606070830-r
2017-12-19 18:57:26,122 - org.eclipse.egit.ui - 4.4.0.201606070830-r
2017-12-19 18:57:26,122 - org.eclipse.egit - 4.4.0.201606070830-r
2017-12-19 18:57:26,122 - org.eclipse.egit.doc - 4.4.0.201606070830-r
2017-12-19 18:57:26,122 - org.eclipse.aether.maven - 3.1.0.v20140706-2237
2017-12-19 18:57:26,122 - org.eclipse.gef - 3.11.0.201606061308
2017-12-19 18:57:26,122 - org.eclipse.mylyn.commons.identity.core - 1.12.0.v20160421-1819
2017-12-19 18:57:26,122 - org.eclipse.oomph.p2 - 1.4.0.v20160426-0423
2017-12-19 18:57:26,122 - org.eclipse.oomph.p2.core - 1.4.0.v20160606-0856
2017-12-19 18:57:26,122 - org.eclipse.oomph.p2.edit - 1.4.0.v20160426-0423
2017-12-19 18:57:26,122 - org.eclipse.oomph.p2.ui - 1.4.0.v20160426-0423
2017-12-19 18:57:26,122 - org.eclipse.oomph.p2.doc - 1.4.0.v20160426-0423
2017-12-19 18:57:26,122 - org.eclipse.datatools.enablement.sqlite - 1.1.0.201603142002
2017-12-19 18:57:26,122 - org.eclipse.datatools.enablement.sqlite.dbdefinition - 1.1.0.201603142002
2017-12-19 18:57:26,122 - org.eclipse.datatools.enablement.sqlite.ui - 1.1.0.201603142002
2017-12-19 18:57:26,122 - org.eclipse.datatools.enablement.finfo - 1.6.0.201603142002
2017-12-19 18:57:26,138 - org.eclipse.emf.codegen.ui - 2.6.0.v20160526-0356
2017-12-19 18:57:26,138 - org.eclipse.mylyn.commons.notifications.core - 1.12.0.v20160421-1819
2017-12-19 18:57:26,138 - org.eclipse.mylyn.commons.notifications.feed - 1.12.0.v20160421-1819
2017-12-19 18:57:26,138 - org.eclipse.mylyn.commons.notifications.ui - 1.12.0.v20160421-1819
2017-12-19 18:57:26,138 - org.eclipse.emf.converter - 2.7.0.v20160526-0356
2017-12-19 18:57:26,138 - org.eclipse.emf.importer - 2.9.0.v20160526-0356
2017-12-19 18:57:26,138 - org.eclipse.emf.exporter - 2.7.0.v20160526-0356
2017-12-19 18:57:26,138 - org.eclipse.emf.importer.ecore - 2.8.0.v20160526-0356
2017-12-19 18:57:26,138 - org.eclipse.emf.importer.java - 2.7.0.v20160526-0356
2017-12-19 18:57:26,138 - org.eclipse.emf.importer.rose - 2.8.0.v20160526-0356
2017-12-19 18:57:26,138 - org.eclipse.emf.edit.ui - 2.12.0.v20160526-0356
2017-12-19 18:57:26,138 - org.eclipse.help - 3.7.0.v20160602-1307
2017-12-19 18:57:26,138 - org.eclipse.ui - 3.108.0.v20160518-1929
2017-12-19 18:57:26,138 - org.eclipse.ui.workbench - 3.108.0.v20160602-1232
2017-12-19 18:57:26,138 - org.eclipse.update.configurator - 3.3.400.v20160506-0750
2017-12-19 18:57:26,138 - org.eclipse.rcp - 4.6.0.v20160606-1100
2017-12-19 18:57:26,138 - org.eclipse.recommenders.rcp - 2.4.0.v20160607-1609
2017-12-19 18:57:26,138 - org.eclipse.recommenders.apidocs - 2.4.0.v20160607-1609
2017-12-19 18:57:26,138 - org.eclipse.recommenders.apidocs.rcp - 2.4.0.v20160607-1609
2017-12-19 18:57:26,138 - org.eclipse.recommenders.calls - 2.4.0.v20160607-1609
2017-12-19 18:57:26,138 - org.eclipse.recommenders.calls.rcp - 2.4.0.v20160607-1609
2017-12-19 18:57:26,138 - org.eclipse.recommenders.chain.rcp - 2.4.0.v20160607-1609
2017-12-19 18:57:26,138 - org.eclipse.recommenders.completion.rcp - 2.4.0.v20160607-1609
2017-12-19 18:57:26,153 - org.eclipse.recommenders.constructors - 2.4.0.v20160607-1609
2017-12-19 18:57:26,153 - org.eclipse.recommenders.constructors.rcp - 2.4.0.v20160607-1609
2017-12-19 18:57:26,153 - org.eclipse.recommenders.coordinates - 2.4.0.v20160607-1609
2017-12-19 18:57:26,153 - org.eclipse.recommenders.coordinates.rcp - 2.4.0.v20160607-1609
2017-12-19 18:57:26,153 - org.eclipse.recommenders.injection - 2.4.0.v20160607-1609
2017-12-19 18:57:26,153 - org.eclipse.recommenders.jayes - 2.4.0.v20160607-1609
2017-12-19 18:57:26,153 - org.eclipse.recommenders.jayes.io - 2.4.0.v20160607-1609
2017-12-19 18:57:26,153 - org.eclipse.recommenders.jdt - 2.4.0.v20160607-1609
2017-12-19 18:57:26,153 - org.eclipse.recommenders.models - 2.4.0.v20160607-1609
2017-12-19 18:57:26,153 - org.eclipse.recommenders.models.rcp - 2.4.0.v20160607-1609
2017-12-19 18:57:26,153 - org.eclipse.recommenders.net - 2.4.0.v20160607-1609
2017-12-19 18:57:26,153 - org.eclipse.recommenders.overrides - 2.4.0.v20160607-1609
2017-12-19 18:57:26,153 - org.eclipse.recommenders.overrides.rcp - 2.4.0.v20160607-1609
2017-12-19 18:57:26,153 - org.eclipse.recommenders.subwords.rcp - 2.4.0.v20160607-1609
2017-12-19 18:57:26,153 - org.eclipse.recommenders.types.rcp - 2.4.0.v20160607-1609
2017-12-19 18:57:26,153 - org.eclipse.recommenders.utils - 2.4.0.v20160607-1609
2017-12-19 18:57:26,153 - org.eclipse.recommenders.utils.rcp - 2.4.0.v20160607-1609
2017-12-19 18:57:26,153 - org.eclipse.mylyn.commons.repositories.http.core - 1.12.0.v20160421-1819
2017-12-19 18:57:26,153 - org.eclipse.datatools.connectivity.oda.design.ui - 3.3.0.201603142002
2017-12-19 18:57:26,153 - org.eclipse.datatools.connectivity.ui.dse - 1.2.0.201603142002
2017-12-19 18:57:26,153 - org.eclipse.datatools.connectivity.ui - 1.3.0.201603142002
2017-12-19 18:57:26,153 - org.eclipse.datatools.connectivity.sqm.core - 1.3.0.201603142002
2017-12-19 18:57:26,153 - org.eclipse.datatools.help - 1.6.0.201603142002
2017-12-19 18:57:26,153 - org.eclipse.jdt - 3.12.0.v20160606-1100
2017-12-19 18:57:26,153 - org.eclipse.ant.ui - 3.6.200.v20160525-1820
2017-12-19 18:57:26,153 - org.eclipse.jdt.apt.core - 3.4.100.v20160525-0952
2017-12-19 18:57:26,153 - org.eclipse.jdt.apt.ui - 3.4.100.v20160418-1457
2017-12-19 18:57:26,153 - org.eclipse.jdt.apt.pluggable.core - 1.1.100.v20160418-1457
2017-12-19 18:57:26,153 - org.eclipse.jdt.compiler.apt - 1.2.100.v20160418-1457
2017-12-19 18:57:26,153 - org.eclipse.jdt.compiler.tool - 1.1.100.v20160418-1457
2017-12-19 18:57:26,153 - org.eclipse.jdt.core - 3.12.0.v20160516-2131
2017-12-19 18:57:26,153 - org.eclipse.jdt.annotation - 2.1.0.v20160418-1457
2017-12-19 18:57:26,153 - org.eclipse.jdt.annotation - 2.1.0.v20160418-1457
2017-12-19 18:57:26,153 - org.eclipse.jdt.core.manipulation - 1.7.0.v20160419-0705
2017-12-19 18:57:26,153 - org.eclipse.jdt.debug.ui - 3.7.200.v20160423-1519
2017-12-19 18:57:26,153 - org.eclipse.jdt.debug - 3.10.0.v20160418-1524
2017-12-19 18:57:26,153 - org.eclipse.jdt.junit - 3.9.0.v20160421-1701
2017-12-19 18:57:26,153 - org.eclipse.jdt.junit.core - 3.8.0.v20160421-1701
2017-12-19 18:57:26,153 - org.eclipse.jdt.junit.runtime - 3.4.600.v20160505-0715
2017-12-19 18:57:26,169 - org.eclipse.jdt.junit4.runtime - 1.1.600.v20160505-0715
2017-12-19 18:57:26,169 - org.eclipse.jdt.launching - 3.8.100.v20160505-0636
2017-12-19 18:57:26,169 - org.eclipse.jdt.ui - 3.12.0.v20160525-1829
2017-12-19 18:57:26,169 - org.junit - 4.12.0.v201504281640
2017-12-19 18:57:26,169 - org.hamcrest.core - 1.3.0.v201303031735
2017-12-19 18:57:26,169 - org.eclipse.jdt.doc.user - 3.12.0.v20160601-2148
2017-12-19 18:57:26,169 - org.eclipse.ant.launching - 1.1.200.v20160418-1631
2017-12-19 18:57:26,169 - org.eclipse.emf.common - 2.12.0.v20160420-0247
2017-12-19 18:57:26,169 - org.eclipse.sequoyah.vnc.vncviewer.vncviews - 2.1.0.N20120718-0509
2017-12-19 18:57:26,169 - org.eclipse.egit.mylyn.ui - 4.4.0.201606070830-r
2017-12-19 18:57:26,169 - org.eclipse.datatools.sqltools.common.ui - 1.1.0.201603142002
2017-12-19 18:57:26,169 - org.eclipse.datatools.sqltools.debugger.core - 1.1.0.201603142002
2017-12-19 18:57:26,169 - org.eclipse.datatools.sqltools.editor.core - 1.1.0.201603142002
2017-12-19 18:57:26,169 - org.eclipse.datatools.sqltools.plan - 1.1.0.201603142002
2017-12-19 18:57:26,169 - org.eclipse.datatools.sqltools.routineeditor - 1.1.0.201603142002
2017-12-19 18:57:26,185 - org.eclipse.datatools.sqltools.sql - 1.1.0.201603142002
2017-12-19 18:57:26,185 - org.eclipse.datatools.sqltools.sqleditor - 1.1.0.201603142002
2017-12-19 18:57:26,185 - org.eclipse.datatools.sqltools.sqlscrapbook - 1.1.0.201603142002
2017-12-19 18:57:26,185 - org.eclipse.datatools.help - 1.6.0.201603142002
2017-12-19 18:57:26,185 - org.eclipse.datatools.sqltools.db.generic - 1.1.0.201603142002
2017-12-19 18:57:26,185 - org.eclipse.datatools.sqltools.debugger.core.ui - 1.1.0.201603142002
2017-12-19 18:57:26,185 - org.eclipse.datatools.sqltools.editor.core.ui - 1.1.0.201603142002
2017-12-19 18:57:26,185 - org.eclipse.datatools.sqltools.result.ui - 1.2.0.201603142002
2017-12-19 18:57:26,185 - org.eclipse.datatools.sqltools.routineeditor.ui - 1.1.0.201603142002
2017-12-19 18:57:26,185 - org.eclipse.datatools.sqltools.sql.ui - 1.1.0.201603142002
2017-12-19 18:57:26,185 - org.objectweb.asm - 5.0.1.v201404251740
2017-12-19 18:57:26,185 - org.eclipse.andmore - 0.5.0.201605181018
2017-12-19 18:57:26,185 - org.eclipse.andmore.base - 0.5.0.201605181018
2017-12-19 18:57:26,185 - org.eclipse.andmore.ddms - 0.5.0.201605181018
2017-12-19 18:57:26,185 - org.eclipse.andmore.overlay - 0.5.0.201605181018
2017-12-19 18:57:26,185 - org.apache.commons.codec - 1.6.0.v201305230611
2017-12-19 18:57:26,185 - org.apache.commons.compress - 1.6.0.v201310281400
2017-12-19 18:57:26,185 - org.apache.httpcomponents.httpclient - 4.3.6.v201511171540
2017-12-19 18:57:26,185 - org.apache.httpcomponents.httpcore - 4.3.3.v201411290715
2017-12-19 18:57:26,185 - org.eclipse.datatools.modelbase.dbdefinition - 1.1.0.201603142002
2017-12-19 18:57:26,185 - org.eclipse.datatools.modelbase.sql.edit - 1.1.0.201603142002
2017-12-19 18:57:26,185 - org.eclipse.datatools.modelbase.sql.query - 1.2.0.201603142002
2017-12-19 18:57:26,185 - org.eclipse.datatools.modelbase.sql.query.edit - 1.1.0.201603142002
2017-12-19 18:57:26,185 - org.eclipse.datatools.modelbase.sql.xml.query - 1.1.0.201603142002
2017-12-19 18:57:26,185 - org.eclipse.datatools.modelbase.sql - 1.1.0.201603142002
2017-12-19 18:57:26,185 - org.eclipse.oomph.setup.editor - 1.4.0.v20160505-0456
2017-12-19 18:57:26,185 - org.eclipse.oomph.setup.ui - 1.4.0.v20160530-1200
2017-12-19 18:57:26,185 - org.eclipse.oomph.setup.doc - 1.4.0.v20160426-0423
2017-12-19 18:57:26,185 - org.eclipse.oomph.setup.ui.questionnaire - 1.4.0.v20160530-1435
2017-12-19 18:57:26,185 - org.eclipse.oomph.jreinfo.ui - 1.4.0.v20160426-0423
2017-12-19 18:57:26,200 - org.eclipse.emf.mapping - 2.9.0.v20160526-0356
2017-12-19 18:57:26,200 - org.eclipse.emf.ecore - 2.12.0.v20160420-0247
2017-12-19 18:57:26,200 - org.eclipse.emf.ecore.change - 2.11.0.v20160420-0247
2017-12-19 18:57:26,200 - org.eclipse.emf.ecore.xmi - 2.12.0.v20160420-0247
2017-12-19 18:57:26,200 - org.eclipse.jgit - 4.4.0.201606070830-r
2017-12-19 18:57:26,200 - org.eclipse.jgit.archive - 4.4.0.201606070830-r
2017-12-19 18:57:26,200 - com.jcraft.jsch - 0.1.53.v201508180515
2017-12-19 18:57:26,200 - javaewah - 0.7.9.v201605172130
2017-12-19 18:57:26,200 - org.apache.commons.compress - 1.6.0.v201310281400
2017-12-19 18:57:26,200 - org.slf4j.api - 1.7.2.v20121108-1250
2017-12-19 18:57:26,200 - org.slf4j.impl.log4j12 - 1.7.2.v20131105-2200
2017-12-19 18:57:26,200 - org.apache.log4j - 1.2.15.v201012070815
2017-12-19 18:57:26,200 - org.eclipse.mylyn.wikitext.core - 2.9.0.v20160513-1433
2017-12-19 18:57:26,200 - org.eclipse.mylyn.wikitext.core.ant - 2.9.0.v20160513-1433
2017-12-19 18:57:26,200 - org.eclipse.mylyn.wikitext.core.osgi - 2.9.0.v20160513-1433
2017-12-19 18:57:26,200 - org.eclipse.mylyn.wikitext.textile.core - 2.9.0.v20160513-1433
2017-12-19 18:57:26,200 - org.eclipse.mylyn.wikitext.html.core - 2.9.0.v20160513-1433
2017-12-19 18:57:26,200 - org.eclipse.mylyn.wikitext.markdown.core - 2.9.0.v20160513-1433
2017-12-19 18:57:26,200 - org.eclipse.mylyn.wikitext.mediawiki.core - 2.9.0.v20160513-1433
2017-12-19 18:57:26,200 - org.eclipse.mylyn.wikitext.mediawiki.core.ant - 2.9.0.v20160513-1433
2017-12-19 18:57:26,200 - org.eclipse.mylyn.wikitext.confluence.core - 2.9.0.v20160513-1433
2017-12-19 18:57:26,200 - org.eclipse.mylyn.wikitext.tracwiki.core - 2.9.0.v20160513-1433
2017-12-19 18:57:26,200 - org.eclipse.mylyn.wikitext.twiki.core - 2.9.0.v20160519-0832
2017-12-19 18:57:26,200 - org.eclipse.mylyn.wikitext.ui - 2.9.0.v20160516-1547
2017-12-19 18:57:26,200 - org.eclipse.mylyn.wikitext.help.ui - 2.9.0.v20160524-0547
2017-12-19 18:57:26,200 - org.eclipse.mylyn.wikitext.textile.ui - 2.9.0.v20160513-1433
2017-12-19 18:57:26,200 - org.eclipse.mylyn.wikitext.markdown.ui - 2.9.0.v20160513-1433
2017-12-19 18:57:26,200 - org.eclipse.mylyn.wikitext.mediawiki.ui - 2.9.0.v20160513-1433
2017-12-19 18:57:26,200 - org.eclipse.mylyn.wikitext.confluence.ui - 2.9.0.v20160513-1433
2017-12-19 18:57:26,200 - org.eclipse.mylyn.wikitext.tracwiki.ui - 2.9.0.v20160513-1433
2017-12-19 18:57:26,200 - org.eclipse.mylyn.wikitext.twiki.ui - 2.9.0.v20160513-1433
2017-12-19 18:57:26,200 - org.eclipse.mylyn.wikitext.tasks.ui - 2.9.0.v20160513-1433
2017-12-19 18:57:26,200 - org.eclipse.mylyn.wikitext.context.ui - 2.9.0.v20160513-1433
2017-12-19 18:57:26,200 - org.eclipse.mylyn.wikitext.asciidoc.core - 2.9.0.v20160524-1633
2017-12-19 18:57:26,200 - org.eclipse.mylyn.wikitext.asciidoc.ui - 2.9.0.v20160516-1451
2017-12-19 18:57:26,200 - org.eclipse.emf.mapping.ecore.editor - 2.6.0.v20160526-0356
2017-12-19 18:57:26,200 - org.eclipse.emf.mapping.ecore2ecore.editor - 2.7.0.v20160526-0356
2017-12-19 18:57:26,200 - org.eclipse.emf.mapping.ecore2xml.ui - 2.8.0.v20160526-0356
2017-12-19 18:57:26,216 - org.eclipse.recommenders.mylyn.rcp - 2.4.0.v20160607-1609
2017-12-19 18:57:26,216 - org.apache.ant - 1.9.6.v201510161327
2017-12-19 18:57:26,216 - org.eclipse.ant.core - 3.4.100.v20160505-0642
2017-12-19 18:57:26,216 - com.jcraft.jsch - 0.1.53.v201508180515
2017-12-19 18:57:26,216 - org.eclipse.compare.core - 3.6.0.v20160418-1534
2017-12-19 18:57:26,216 - org.eclipse.compare - 3.6.0.v20160418-1534
2017-12-19 18:57:26,216 - org.eclipse.compare.win32 - 1.1.0.v20160418-1534
2017-12-19 18:57:26,216 - org.eclipse.core.filebuffers - 3.6.0.v20160503-1849
2017-12-19 18:57:26,216 - org.eclipse.core.filesystem - 1.6.0.v20160503-1608
2017-12-19 18:57:26,216 - org.eclipse.core.net - 1.3.0.v20160418-1534
2017-12-19 18:57:26,216 - org.eclipse.core.net.win32.x86_64 - 1.1.0.v20160323-1650
2017-12-19 18:57:26,216 - org.eclipse.core.resources - 3.11.0.v20160503-1608
2017-12-19 18:57:26,232 - org.eclipse.osgi.util - 3.3.100.v20150423-1351
2017-12-19 18:57:26,232 - org.eclipse.debug.core - 3.10.100.v20160419-1720
2017-12-19 18:57:26,232 - org.eclipse.debug.ui - 3.11.200.v20160518-1858
2017-12-19 18:57:26,232 - org.eclipse.equinox.event - 1.3.200.v20160324-1850
2017-12-19 18:57:26,232 - org.eclipse.ltk.core.refactoring - 3.7.0.v20160419-0705
2017-12-19 18:57:26,232 - org.eclipse.ltk.ui.refactoring - 3.8.0.v20160518-1817
2017-12-19 18:57:26,232 - org.eclipse.platform - 4.6.0.v20160606-1100
2017-12-19 18:57:26,232 - org.eclipse.platform.doc.user - 4.6.0.v20160606-1250
2017-12-19 18:57:26,232 - org.eclipse.search - 3.11.0.v20160519-1501
2017-12-19 18:57:26,232 - org.eclipse.team.core - 3.8.0.v20160418-1534
2017-12-19 18:57:26,232 - org.eclipse.team.ui - 3.8.0.v20160518-1906
2017-12-19 18:57:26,232 - org.eclipse.text - 3.6.0.v20160503-1849
2017-12-19 18:57:26,232 - org.eclipse.jface.text - 3.11.0.v20160505-1301
2017-12-19 18:57:26,232 - org.eclipse.jsch.core - 1.3.0.v20160422-1917
2017-12-19 18:57:26,232 - org.eclipse.jsch.ui - 1.3.0.v20160323-1650
2017-12-19 18:57:26,232 - org.eclipse.ui.console - 3.6.200.v20160518-1858
2017-12-19 18:57:26,232 - org.eclipse.ui.intro - 3.5.0.v20160509-1548
2017-12-19 18:57:26,232 - org.eclipse.ui.intro.universal - 3.3.0.v20160519-1604
2017-12-19 18:57:26,232 - org.eclipse.ui.cheatsheets - 3.5.0.v20160504-0839
2017-12-19 18:57:26,232 - org.eclipse.ui.browser - 3.5.0.v20160518-1929
2017-12-19 18:57:26,232 - org.eclipse.ui.monitoring - 1.1.0.v20160131-1628
2017-12-19 18:57:26,232 - org.eclipse.ui.navigator - 3.6.100.v20160518-1929
2017-12-19 18:57:26,232 - org.eclipse.ui.navigator.resources - 3.5.100.v20160518-1929
2017-12-19 18:57:26,232 - org.eclipse.ui.net - 1.3.0.v20160426-1633
2017-12-19 18:57:26,232 - org.eclipse.ui.workbench.texteditor - 3.10.0.v20160530-2011
2017-12-19 18:57:26,232 - org.eclipse.ui.views - 3.8.100.v20160518-1929
2017-12-19 18:57:26,232 - org.eclipse.ui.editors - 3.10.0.v20160505-0931
2017-12-19 18:57:26,232 - org.eclipse.ui.externaltools - 3.3.100.v20160518-1858
2017-12-19 18:57:26,232 - org.eclipse.ui.ide - 3.12.0.v20160601-1609
2017-12-19 18:57:26,232 - org.eclipse.ui.ide.application - 1.1.100.v20160518-1929
2017-12-19 18:57:26,232 - org.eclipse.ui.win32 - 3.3.0.v20160505-1310
2017-12-19 18:57:26,232 - org.eclipse.core.resources.win32.x86_64 - 3.5.0.v20140124-1940
2017-12-19 18:57:26,232 - org.eclipse.core.filesystem.win32.x86_64 - 1.4.0.v20140124-1940
2017-12-19 18:57:26,232 - org.eclipse.core.variables - 3.3.0.v20160419-1720
2017-12-19 18:57:26,232 - org.eclipse.ui.forms - 3.7.0.v20160518-1929
2017-12-19 18:57:26,232 - org.eclipse.ui.views.properties.tabbed - 3.7.0.v20160310-0903
2017-12-19 18:57:26,232 - org.eclipse.equinox.security - 1.2.200.v20150715-1528
2017-12-19 18:57:26,232 - org.eclipse.equinox.security.ui - 1.1.300.v20150803-1225
2017-12-19 18:57:26,232 - org.eclipse.equinox.security.win32.x86_64 - 1.0.100.v20130327-1442
2017-12-19 18:57:26,232 - org.eclipse.core.externaltools - 1.0.400.v20160509-1057
2017-12-19 18:57:26,232 - org.eclipse.ui.themes - 1.1.100.v20160411-1921
2017-12-19 18:57:26,232 - org.eclipse.core.runtime - 3.12.0.v20160606-1342
2017-12-19 18:57:26,232 - org.eclipse.ui.intro.quicklinks - 1.0.0.v20160515-0255
2017-12-19 18:57:26,232 - org.eclipse.mylyn.discovery.core - 3.20.0.v20160421-1819
2017-12-19 18:57:26,232 - org.eclipse.mylyn.discovery.ui - 3.20.0.v20160421-1819
2017-12-19 18:57:26,232 - org.eclipse.emf.ecore.edit - 2.9.0.v20160526-0356
2017-12-19 18:57:26,232 - org.eclipse.emf.ecore.change.edit - 2.6.0.v20160526-0356
2017-12-19 18:57:26,232 - org.eclipse.sequoyah.vnc.protocol - 2.1.0.N20120718-0509
2017-12-19 18:57:26,232 - org.eclipse.emf.mapping.ecore - 2.6.0.v20160526-0356
2017-12-19 18:57:26,232 - org.eclipse.emf.mapping.ecore2ecore - 2.9.0.v20160526-0356
2017-12-19 18:57:26,232 - org.eclipse.emf.mapping.ecore2xml - 2.9.0.v20160526-0356
2017-12-19 18:57:26,247 - org.eclipse.mylyn.versions.core - 1.12.0.v20160421-1824
2017-12-19 18:57:26,247 - org.eclipse.mylyn.versions.ui - 1.12.0.v20160421-1824
2017-12-19 18:57:26,247 - org.eclipse.andmore.traceview - 0.5.0.201605181018
2017-12-19 18:57:26,247 - org.eclipse.sequoyah.localization.android - 2.1.0.N20120718-0509
2017-12-19 18:57:26,247 - org.eclipse.sequoyah.localization.android.help - 2.1.1.N20120718-0509
2017-12-19 18:57:26,247 - org.eclipse.m2e.logback.configuration - 1.7.0.20160603-1933
2017-12-19 18:57:26,247 - org.eclipse.m2e.logback.appender - 1.7.0.20160603-1933
2017-12-19 18:57:26,247 - org.eclipse.emf.codegen - 2.11.0.v20160526-0356
2017-12-19 18:57:26,247 - org.eclipse.wst.dtd.ui - 1.0.801.v201308100602
2017-12-19 18:57:26,247 - org.eclipse.wst.dtd.ui.infopop - 1.0.400.v201309112106
2017-12-19 18:57:26,247 - org.eclipse.wst.sse.ui.infopop - 1.0.300.v201309112106
2017-12-19 18:57:26,247 - org.eclipse.wst.xml.ui.infopop - 1.0.400.v201309112106
2017-12-19 18:57:26,247 - org.eclipse.wst.sse.ui - 1.3.500.v201605120129
2017-12-19 18:57:26,247 - org.eclipse.wst.xml.ui - 1.1.700.v201604272318
2017-12-19 18:57:26,247 - org.eclipse.wst.xsd.ui - 1.2.600.v201511240159
2017-12-19 18:57:26,263 - org.eclipse.emf - 2.6.0.v20160526-0356
2017-12-19 18:57:26,263 - org.eclipse.datatools.doc.user - 1.7.0.20090521092446
2017-12-19 18:57:26,263 - org.eclipse.datatools.oda.cshelp - 1.2.0.201603142002
2017-12-19 18:57:26,263 - org.eclipse.datatools.help - 1.6.0.201603142002
2017-12-19 18:57:26,263 - org.eclipse.mylyn.tasks.bugs - 3.20.0.v20160425-1835
2017-12-19 18:57:26,263 - org.eclipse.mylyn.help.ui - 3.20.0.v20160425-1835
2017-12-19 18:57:26,263 - org.eclipse.draw2d - 3.10.100.201606061308
2017-12-19 18:57:26,263 - org.eclipse.emf.edit - 2.12.0.v20160526-0356
2017-12-19 18:57:26,278 - org.eclipse.mylyn.commons.core - 3.20.0.v20160421-1819
2017-12-19 18:57:26,278 - org.eclipse.mylyn.commons.screenshots - 3.20.0.v20160421-1819
2017-12-19 18:57:26,278 - org.eclipse.mylyn.commons.ui - 3.20.0.v20160421-1819
2017-12-19 18:57:26,278 - org.eclipse.mylyn.commons.workbench - 3.20.0.v20160421-1819
2017-12-19 18:57:26,278 - org.eclipse.mylyn.bugzilla.ide - 3.20.0.v20160421-1902
2017-12-19 18:57:26,278 - org.eclipse.mylyn.ide.ui - 3.20.0.v20160421-1902
2017-12-19 18:57:26,278 - org.eclipse.emf.databinding.edit - 1.3.0.v20160526-0356
2017-12-19 18:57:26,278 - org.eclipse.emf.codegen.ecore - 2.12.0.v20160526-0356
2017-12-19 18:57:26,278 - org.eclipse.emf.ant - 2.8.0.v20160526-0356
2017-12-19 18:57:26,294 - org.eclipse.m2e.archetype.common - 1.7.0.20160603-1931
2017-12-19 18:57:26,294 - org.eclipse.m2e.maven.indexer - 1.7.0.20160603-1931
2017-12-19 18:57:26,294 - org.eclipse.m2e.model.edit - 1.7.0.20160603-1933
2017-12-19 18:57:26,294 - org.eclipse.m2e.core - 1.7.0.20160603-1933
2017-12-19 18:57:26,294 - org.eclipse.m2e.launching - 1.7.0.20160603-1933
2017-12-19 18:57:26,294 - org.eclipse.m2e.workspace.cli - 0.3.1
2017-12-19 18:57:26,294 - org.eclipse.m2e.jdt - 1.7.0.20160603-1933
2017-12-19 18:57:26,294 - org.eclipse.m2e.editor - 1.7.0.20160603-1933
2017-12-19 18:57:26,294 - org.eclipse.m2e.editor.xml - 1.7.0.20160603-1933
2017-12-19 18:57:26,310 - org.eclipse.m2e.maven.runtime - 1.7.0.20160603-1931
2017-12-19 18:57:26,310 - org.eclipse.m2e.maven.runtime.slf4j.simple - 1.7.0.20160603-1931
2017-12-19 18:57:26,310 - org.eclipse.m2e.refactoring - 1.7.0.20160603-1933
2017-12-19 18:57:26,310 - org.eclipse.m2e.lifecyclemapping.defaults - 1.7.0.20160603-1933
2017-12-19 18:57:26,310 - org.eclipse.m2e.discovery - 1.7.0.20160603-1933
2017-12-19 18:57:26,310 - org.eclipse.m2e.core.ui - 1.7.0.20160603-1933
2017-12-19 18:57:26,310 - org.eclipse.m2e.scm - 1.7.0.20160603-1933
2017-12-19 18:57:26,310 - org.eclipse.m2e.jdt.ui - 1.7.0.20160603-1933
2017-12-19 18:57:26,310 - org.eclipse.m2e.profiles.core - 1.7.0.20160603-1933
2017-12-19 18:57:26,310 - org.eclipse.m2e.profiles.ui - 1.7.0.20160603-1933
2017-12-19 18:57:26,310 - org.eclipse.m2e.importer - 1.7.0.20160603-1933
2017-12-19 18:57:26,310 - org.eclipse.andmore.ndk - 0.5.0.201605181018
2017-12-19 18:57:26,310 - org.eclipse.andmore.gldebugger - 0.5.0.201605181018
2017-12-19 18:57:26,310 - org.eclipse.mylyn.hudson.core - 1.12.0.v20160524-1837
2017-12-19 18:57:26,310 - org.eclipse.mylyn.hudson.ui - 1.12.0.v20160421-2142
2017-12-19 18:57:26,310 - org.eclipse.epp.mpc.core - 1.5.0.v20160608-1457
2017-12-19 18:57:26,310 - org.eclipse.epp.mpc.ui - 1.5.0.v20160608-1804
2017-12-19 18:57:26,310 - org.eclipse.epp.mpc.help.ui - 1.5.0.v20160524-1910
2017-12-19 18:57:26,310 - org.apache.httpcomponents.httpclient - 4.3.6.v201511171540
2017-12-19 18:57:26,310 - org.apache.httpcomponents.httpcore - 4.3.3.v201411290715
2017-12-19 18:57:26,325 - org.eclipse.datatools.connectivity.oda.consumer - 3.3.0.201603142002
2017-12-19 18:57:26,325 - org.eclipse.datatools.connectivity.oda.design - 3.4.0.201603142002
2017-12-19 18:57:26,325 - org.eclipse.datatools.connectivity.oda.profile - 3.3.0.201603142002
2017-12-19 18:57:26,325 - org.eclipse.datatools.connectivity.oda - 3.5.0.201603142002
2017-12-19 18:57:26,325 - org.eclipse.datatools.connectivity - 1.13.0.201603142002
2017-12-19 18:57:26,325 - org.eclipse.mylyn.git.core - 1.12.0.v20160421-1824
2017-12-19 18:57:26,325 - org.eclipse.mylyn.git.ui - 1.12.0.v20160421-1824
2017-12-19 18:57:26,325 - org.eclipse.andmore.android.certmanager - 0.5.0.201605181018
2017-12-19 18:57:26,325 - org.eclipse.recommenders.snipmatch - 2.4.0.v20160607-1609
2017-12-19 18:57:26,325 - org.eclipse.recommenders.snipmatch.rcp - 2.4.0.v20160607-1609
2017-12-19 18:57:26,325 - org.eclipse.cdt.gdb - 7.0.0.201606062011
2017-12-19 18:57:26,325 - org.eclipse.cdt.gdb.ui - 7.0.0.201606062011
2017-12-19 18:57:26,325 - org.eclipse.pde - 3.12.0.v20160606-1100
2017-12-19 18:57:26,325 - org.eclipse.pde.build - 3.9.200.v20160204-0642
2017-12-19 18:57:26,325 - org.eclipse.pde.core - 3.11.0.v20160510-1223
2017-12-19 18:57:26,325 - org.eclipse.pde.junit.runtime - 3.5.0.v20151013-0625
2017-12-19 18:57:26,325 - org.eclipse.pde.runtime - 3.5.0.v20160418-1724
2017-12-19 18:57:26,325 - org.eclipse.pde.ui - 3.9.0.v20160525-1830
2017-12-19 18:57:26,325 - org.eclipse.pde.doc.user - 3.12.0.v20160601-2148
2017-12-19 18:57:26,325 - org.eclipse.pde.ui.templates - 3.6.0.v20160424-1948
2017-12-19 18:57:26,325 - org.eclipse.ui.views.log - 1.2.0.v20160418-1724
2017-12-19 18:57:26,325 - org.objectweb.asm - 5.0.1.v201404251740
2017-12-19 18:57:26,341 - org.objectweb.asm.tree - 5.0.1.v201404251740
2017-12-19 18:57:26,341 - org.eclipse.pde.api.tools - 1.1.0.v20160508-0834
2017-12-19 18:57:26,341 - org.eclipse.pde.api.tools.annotations - 1.0.100.v20160418-1724
2017-12-19 18:57:26,341 - org.eclipse.pde.api.tools.ui - 1.1.0.v20160519-0701
2017-12-19 18:57:26,341 - org.eclipse.pde.ds.core - 1.1.0.v20151201-1325
2017-12-19 18:57:26,341 - org.eclipse.pde.ds.ui - 1.1.0.v20160518-1843
2017-12-19 18:57:26,341 - org.eclipse.pde.launching - 3.6.400.v20160121-1248
2017-12-19 18:57:26,341 - org.eclipse.pde.ua.core - 1.0.500.v20160204-0642
2017-12-19 18:57:26,341 - org.eclipse.pde.ua.ui - 1.1.0.v20160518-1843
2017-12-19 18:57:26,341 - org.eclipse.ui.trace - 1.0.400.v20160509-1055
2017-12-19 18:57:26,341 - org.eclipse.pde.ds.annotations - 1.0.0.v20160525-1437
2017-12-19 18:57:26,341 - org.eclipse.sequoyah.localization.tools - 2.1.0.N20120718-0509
2017-12-19 18:57:26,341 - org.eclipse.sequoyah.localization.editor - 2.1.0.N20120718-0509
2017-12-19 18:57:26,341 - net.sourceforge.lpg.lpgjavaruntime - 1.1.0.v201004271650
2017-12-19 18:57:26,341 - org.eclipse.datatools.sqltools.parsers.sql.lexer - 1.1.0.201603142002
2017-12-19 18:57:26,341 - org.eclipse.datatools.sqltools.parsers.sql.query - 1.3.0.201603142002
2017-12-19 18:57:26,341 - org.eclipse.datatools.sqltools.parsers.sql.xml.query - 1.1.0.201603142002
2017-12-19 18:57:26,341 - org.eclipse.datatools.sqltools.parsers.sql - 1.1.0.201603142002
2017-12-19 18:57:26,341 - org.eclipse.mylyn.java.ui - 3.20.0.v20160421-1902
2017-12-19 18:57:26,341 - org.eclipse.mylyn.java.tasks - 3.20.0.v20160421-1902
2017-12-19 18:57:26,341 - org.eclipse.mylyn.ide.ui - 3.20.0.v20160421-1902
2017-12-19 18:57:26,341 - org.eclipse.mylyn.ide.ant - 3.20.0.v20160421-1902
2017-12-19 18:57:26,341 - org.eclipse.mylyn.debug.ui - 3.20.0.v20160421-1902
2017-12-19 18:57:26,341 - org.eclipse.mylyn.team.ui - 3.20.0.v20160421-1902
2017-12-19 18:57:26,341 - org.eclipse.datatools.sqltools.sql - 1.1.0.201603142002
2017-12-19 18:57:26,341 - org.eclipse.datatools.sqltools.common.ui - 1.1.0.201603142002
2017-12-19 18:57:26,341 - org.eclipse.datatools.sqltools.plan - 1.1.0.201603142002
2017-12-19 18:57:26,341 - org.eclipse.datatools.sqltools.editor.core - 1.1.0.201603142002
2017-12-19 18:57:26,341 - org.eclipse.datatools.sqltools.sqleditor - 1.1.0.201603142002
2017-12-19 18:57:26,341 - org.eclipse.datatools.sqltools.ddlgen.ui - 1.1.0.201603142002
2017-12-19 18:57:26,341 - org.eclipse.datatools.connectivity.db.generic - 1.1.0.201603142002
2017-12-19 18:57:26,341 - org.eclipse.datatools.sqltools.editor.core.ui - 1.1.0.201603142002
2017-12-19 18:57:26,341 - org.eclipse.datatools.sqltools.sql.ui - 1.1.0.201603142002
2017-12-19 18:57:26,357 - org.eclipse.emf.common.ui - 2.11.0.v20160526-0356
2017-12-19 18:57:26,357 - org.eclipse.mylyn.commons.repositories.core - 1.12.0.v20160421-1819
2017-12-19 18:57:26,357 - org.eclipse.mylyn.commons.repositories.ui - 1.12.0.v20160421-1819
2017-12-19 18:57:26,357 - org.eclipse.sequoyah.device.common.utilities - 2.1.0.N20120718-0509
2017-12-19 18:57:26,357 - org.eclipse.andmore.android.common - 0.5.0.201605181018
2017-12-19 18:57:26,357 - org.eclipse.andmore.android.codeutils - 0.5.0.201605181018
2017-12-19 18:57:26,357 - org.eclipse.andmore.android.translation - 0.5.0.201605181018
2017-12-19 18:57:26,357 - org.eclipse.andmore.android.codesnippets - 0.5.0.201605181018
2017-12-19 18:57:26,357 - org.eclipse.andmore.android.db.core - 0.5.0.201605181018
2017-12-19 18:57:26,357 - org.eclipse.andmore.android.logger - 0.5.0.201605181018
2017-12-19 18:57:26,357 - org.eclipse.andmore.android - 0.5.0.201605181018
2017-12-19 18:57:26,357 - org.eclipse.andmore.android.emulator - 0.5.0.201605181018
2017-12-19 18:57:26,357 - org.eclipse.andmore.android.launch - 0.5.0.201605181018
2017-12-19 18:57:26,357 - org.eclipse.andmore.android.packaging.ui - 0.5.0.201605181018
2017-12-19 18:57:26,357 - org.eclipse.andmore.android.handset - 0.5.0.201605181018
2017-12-19 18:57:26,357 - org.eclipse.andmore.android.remote - 0.5.0.201605181018
2017-12-19 18:57:26,357 - org.eclipse.andmore.android.win32.x86_64 - 0.5.0.201605181018
2017-12-19 18:57:26,357 - org.eclipse.andmore.android.mat - 0.5.0.201605181018
2017-12-19 18:57:26,357 - org.eclipse.andmore.android.devices.services - 0.5.0.201605181018
2017-12-19 18:57:26,357 - org.eclipse.andmore.android.db.devices - 0.5.0.201605181018
2017-12-19 18:57:26,357 - org.eclipse.andmore.android.installer - 0.5.0.201605181018
2017-12-19 18:57:26,357 - org.eclipse.andmore.android.logger.collector - 0.5.0.201605181018
2017-12-19 18:57:26,357 - org.eclipse.emf.mapping.ui - 2.7.0.v20160526-0356
2017-12-19 18:57:26,357 - org.eclipse.mylyn.monitor.core - 3.20.0.v20160421-1819
2017-12-19 18:57:26,357 - org.eclipse.mylyn.monitor.ui - 3.20.0.v20160421-1819
2017-12-19 18:57:26,372 - org.eclipse.datatools.connectivity.oda.template.ui - 3.3.0.201603142002
2017-12-19 18:57:26,372 - org.eclipse.sequoyah.vnc.vncviewer - 2.1.0.N20120718-0509
2017-12-19 18:57:26,372 - org.eclipse.emf.codegen.ecore.ui - 2.12.0.v20160526-0356
2017-12-19 18:57:26,372 - org.eclipse.emf.ecore.editor - 2.12.0.v20160526-0356
2017-12-19 18:57:26,372 - org.eclipse.epp.package.android - 4.6.0.20160613-1800
2017-12-19 18:57:26,372 - org.eclipse.mylyn.builds.core - 1.12.0.v20160421-2142
2017-12-19 18:57:26,372 - org.eclipse.mylyn.builds.ui - 1.12.0.v20160421-2142
2017-12-19 18:57:26,372 - org.eclipse.mylyn.context.core - 3.20.0.v20160421-1902
2017-12-19 18:57:26,372 - org.eclipse.mylyn.context.ui - 3.20.0.v20160421-1902
2017-12-19 18:57:26,372 - org.eclipse.mylyn.resources.ui - 3.20.0.v20160421-1902
2017-12-19 18:57:26,372 - org.eclipse.mylyn.context.tasks.ui - 3.20.0.v20160608-1905
2017-12-19 18:57:26,388 - org.eclipse.emf.databinding - 1.3.0.v20160526-0356
2017-12-19 18:57:26,388 - org.eclipse.datatools.connectivity.sqm.core.ui - 1.3.0.201603142002
2017-12-19 18:57:26,388 - org.eclipse.datatools.connectivity.sqm.core - 1.3.0.201603142002
2017-12-19 18:57:26,388 - org.eclipse.datatools.connectivity.sqm.server.ui - 1.2.0.201603142002
2017-12-19 18:57:26,388 - org.eclipse.datatools.connectivity.ui.dse - 1.2.0.201603142002
2017-12-19 18:57:26,388 - org.eclipse.datatools.connectivity.ui - 1.3.0.201603142002
2017-12-19 18:57:26,388 - org.eclipse.datatools.connectivity - 1.13.0.201603142002
2017-12-19 18:57:26,388 - org.eclipse.datatools.help - 1.6.0.201603142002
2017-12-19 18:57:26,388 - org.eclipse.datatools.connectivity.console.profile - 1.1.0.201603142002
2017-12-19 18:57:26,388 - org.eclipse.oomph.setup - 1.4.0.v20160530-1355
2017-12-19 18:57:26,388 - org.eclipse.oomph.setup.edit - 1.4.0.v20160426-0423
2017-12-19 18:57:26,388 - org.eclipse.oomph.setup.core - 1.4.0.v20160530-1200
2017-12-19 18:57:26,388 - org.eclipse.oomph.setup.sync - 1.4.0.v20160426-0423
2017-12-19 18:57:26,388 - org.eclipse.oomph.setup.p2 - 1.4.0.v20160530-1200
2017-12-19 18:57:26,388 - org.eclipse.oomph.setup.p2.edit - 1.4.0.v20160426-0423
2017-12-19 18:57:26,388 - org.eclipse.oomph.preferences - 1.4.0.v20160426-0423
2017-12-19 18:57:26,403 - org.eclipse.oomph.jreinfo - 1.4.0.v20160519-0740
2017-12-19 18:57:26,403 - org.eclipse.oomph.jreinfo.win32.x86_64 - 1.2.0.v20160426-0508
2017-12-19 18:57:26,403 - org.eclipse.oomph.extractor.lib - 1.2.0.v20160519-0740
2017-12-19 18:57:26,403 - org.apache.commons.logging - 1.1.1.v201101211721
2017-12-19 18:57:26,403 - org.apache.commons.codec - 1.6.0.v201305230611
2017-12-19 18:57:26,403 - org.apache.httpcomponents.httpclient - 4.3.6.v201511171540
2017-12-19 18:57:26,403 - org.apache.httpcomponents.httpcore - 4.3.3.v201411290715
2017-12-19 18:57:26,403 - org.eclipse.userstorage - 1.0.0.v20160524-0709
2017-12-19 18:57:26,403 - org.eclipse.userstorage.ui - 1.0.0.v20151216-0912
2017-12-19 19:07:44,707 - os.name - Windows 10
2017-12-19 19:07:44,707 - os.arch - amd64
2017-12-19 19:07:44,707 - os.version - 10.0
2017-12-19 19:07:44,707 - java.version - 1.8.0_92
2017-12-19 19:07:44,707 - java.vendor - Oracle Corporation
2017-12-19 19:07:44,707 - java.vendor.url - http://java.oracle.com/
2017-12-19 19:07:44,707 - java.home - C:\Program Files\Java\jre1.8.0_92
2017-12-19 19:07:44,707 - java.vm.specification.name - Java Virtual Machine Specification
2017-12-19 19:07:44,707 - java.vm.specification.vendor - Oracle Corporation
2017-12-19 19:07:44,707 - java.vm.specification.version - 1.8
2017-12-19 19:07:44,707 - java.class.path - D:\eclipse\\plugins/org.eclipse.equinox.launcher_1.3.200.v20160318-1642.jar
2017-12-19 19:07:44,707 - java.library.path - D:\eclipse;C:\WINDOWS\Sun\Java\bin;C:\WINDOWS\system32;C:\WINDOWS;C:/Program Files/Java/jre1.8.0_92/bin/server;C:/Program Files/Java/jre1.8.0_92/bin;C:/Program Files/Java/jre1.8.0_92/lib/amd64;C:\ProgramData\Oracle\Java\javapath;D:\SlickEdit Pro 21.0.3\win\;C:\WINDOWS\system32;C:\WINDOWS;C:\WINDOWS\System32\Wbem;C:\WINDOWS\System32\WindowsPowerShell\v1.0\;D:\Git\cmd;"C:\Program Files\Java\jdk1.8.0_92\bin;C:\Program Files\Java\jdk1.8.0_92\jre\bin";C:\Users\wolai\AppData\Local\Microsoft\WindowsApps;;D:\VS Code\bin;D:\eclipse;;.
2017-12-19 19:07:44,723 - --------------------------------------
2017-12-19 19:07:44,723 - ## Eclipse Plug-ins Log Information ##
2017-12-19 19:07:44,723 - --------------------------------------
2017-12-19 19:07:44,785 - javax.el - 2.2.0.v201303151357
2017-12-19 19:07:44,785 - javax.servlet - 3.1.0.v201410161800
2017-12-19 19:07:44,801 - javax.servlet.jsp - 2.2.0.v201112011158
2017-12-19 19:07:44,801 - com.sun.el - 2.2.0.v201303151357
2017-12-19 19:07:44,801 - org.apache.commons.logging - 1.1.1.v201101211721
2017-12-19 19:07:44,801 - org.apache.jasper.glassfish - 2.2.2.v201501141630
2017-12-19 19:07:44,801 - org.apache.lucene.analysis - 3.5.0.v20120725-1805
2017-12-19 19:07:44,801 - org.apache.lucene.core - 3.5.0.v20120725-1805
2017-12-19 19:07:44,801 - org.eclipse.equinox.http.jetty - 3.3.0.v20160324-1850
2017-12-19 19:07:44,801 - org.eclipse.equinox.http.registry - 1.1.400.v20150715-1528
2017-12-19 19:07:44,801 - org.eclipse.equinox.http.servlet - 1.3.0.v20160517-1559
2017-12-19 19:07:44,801 - org.eclipse.equinox.jsp.jasper - 1.0.500.v20150119-1358
2017-12-19 19:07:44,801 - org.eclipse.equinox.jsp.jasper.registry - 1.0.300.v20130327-1442
2017-12-19 19:07:44,816 - org.eclipse.help.base - 4.1.0.v20160606-1100
2017-12-19 19:07:44,816 - org.eclipse.help.ui - 4.0.200.v20160510-0758
2017-12-19 19:07:44,816 - org.eclipse.help.webapp - 3.8.0.v20160504-0839
2017-12-19 19:07:44,816 - org.eclipse.jetty.continuation - 9.3.9.v20160517
2017-12-19 19:07:44,816 - org.eclipse.jetty.http - 9.3.9.v20160517
2017-12-19 19:07:44,816 - org.eclipse.jetty.io - 9.3.9.v20160517
2017-12-19 19:07:44,816 - org.eclipse.jetty.security - 9.3.9.v20160517
2017-12-19 19:07:44,816 - org.eclipse.jetty.server - 9.3.9.v20160517
2017-12-19 19:07:44,816 - org.eclipse.jetty.servlet - 9.3.9.v20160517
2017-12-19 19:07:44,832 - org.eclipse.jetty.util - 9.3.9.v20160517
2017-12-19 19:07:44,848 - org.eclipse.core.net - 1.3.0.v20160418-1534
2017-12-19 19:07:44,848 - org.eclipse.equinox.security - 1.2.200.v20150715-1528
2017-12-19 19:07:44,848 - org.eclipse.andmore.hierarchyviewer - 0.5.0.201605181018
2017-12-19 19:07:44,848 - org.eclipse.mylyn.bugzilla.core - 3.20.0.v20160425-1835
2017-12-19 19:07:44,863 - org.eclipse.mylyn.bugzilla.ui - 3.20.0.v20160425-1835
2017-12-19 19:07:44,863 - org.eclipse.sequoyah.device.backward - 2.1.0.N20120718-0509
2017-12-19 19:07:44,863 - org.eclipse.sequoyah.device.framework - 2.1.0.N20120718-0509
2017-12-19 19:07:44,863 - org.eclipse.sequoyah.device.framework.ui - 2.1.0.N20120718-0509
2017-12-19 19:07:44,863 - org.eclipse.sequoyah.device.service.start - 2.1.0.N20120718-0509
2017-12-19 19:07:44,863 - org.eclipse.sequoyah.device.service.stop - 2.1.0.N20120718-0509
2017-12-19 19:07:44,863 - org.eclipse.sequoyah.device.framework.wizard - 2.1.0.N20120718-0509
2017-12-19 19:07:44,863 - org.eclipse.buildship.core - 1.0.15.v20160425-1638
2017-12-19 19:07:44,863 - org.eclipse.buildship.ui - 1.0.15.v20160425-1638
2017-12-19 19:07:44,879 - org.eclipse.buildship.branding - 1.0.15.v20160425-1638
2017-12-19 19:07:44,879 - org.eclipse.buildship.stsmigration - 1.0.15.v20160425-1638
2017-12-19 19:07:44,879 - org.eclipse.mylyn.tasks.core - 3.20.0.v20160608-1838
2017-12-19 19:07:44,879 - org.eclipse.mylyn.tasks.index.core - 3.20.0.v20160425-1835
2017-12-19 19:07:44,879 - org.eclipse.mylyn.tasks.index.ui - 3.20.0.v20160425-1835
2017-12-19 19:07:44,879 - org.eclipse.mylyn.tasks.search - 3.20.0.v20160425-1835
2017-12-19 19:07:44,879 - org.eclipse.mylyn.tasks.ui - 3.20.0.v20160608-1838
2017-12-19 19:07:44,895 - org.eclipse.egit.core - 4.4.0.201606070830-r
2017-12-19 19:07:44,895 - org.eclipse.egit.ui - 4.4.0.201606070830-r
2017-12-19 19:07:44,895 - org.eclipse.egit - 4.4.0.201606070830-r
2017-12-19 19:07:44,895 - org.eclipse.egit.doc - 4.4.0.201606070830-r
2017-12-19 19:07:44,910 - org.eclipse.aether.maven - 3.1.0.v20140706-2237
2017-12-19 19:07:44,910 - org.eclipse.gef - 3.11.0.201606061308
2017-12-19 19:07:44,926 - org.eclipse.mylyn.commons.identity.core - 1.12.0.v20160421-1819
2017-12-19 19:07:44,926 - org.eclipse.oomph.p2 - 1.4.0.v20160426-0423
2017-12-19 19:07:44,926 - org.eclipse.oomph.p2.core - 1.4.0.v20160606-0856
2017-12-19 19:07:44,926 - org.eclipse.oomph.p2.edit - 1.4.0.v20160426-0423
2017-12-19 19:07:44,926 - org.eclipse.oomph.p2.ui - 1.4.0.v20160426-0423
2017-12-19 19:07:44,926 - org.eclipse.oomph.p2.doc - 1.4.0.v20160426-0423
2017-12-19 19:07:44,957 - org.eclipse.datatools.enablement.sqlite - 1.1.0.201603142002
2017-12-19 19:07:44,957 - org.eclipse.datatools.enablement.sqlite.dbdefinition - 1.1.0.201603142002
2017-12-19 19:07:44,957 - org.eclipse.datatools.enablement.sqlite.ui - 1.1.0.201603142002
2017-12-19 19:07:44,957 - org.eclipse.datatools.enablement.finfo - 1.6.0.201603142002
2017-12-19 19:07:44,957 - org.eclipse.emf.codegen.ui - 2.6.0.v20160526-0356
2017-12-19 19:07:44,973 - org.eclipse.mylyn.commons.notifications.core - 1.12.0.v20160421-1819
2017-12-19 19:07:44,973 - org.eclipse.mylyn.commons.notifications.feed - 1.12.0.v20160421-1819
2017-12-19 19:07:44,973 - org.eclipse.mylyn.commons.notifications.ui - 1.12.0.v20160421-1819
2017-12-19 19:07:44,973 - org.eclipse.emf.converter - 2.7.0.v20160526-0356
2017-12-19 19:07:44,973 - org.eclipse.emf.importer - 2.9.0.v20160526-0356
2017-12-19 19:07:44,973 - org.eclipse.emf.exporter - 2.7.0.v20160526-0356
2017-12-19 19:07:44,973 - org.eclipse.emf.importer.ecore - 2.8.0.v20160526-0356
2017-12-19 19:07:44,988 - org.eclipse.emf.importer.java - 2.7.0.v20160526-0356
2017-12-19 19:07:44,988 - org.eclipse.emf.importer.rose - 2.8.0.v20160526-0356
2017-12-19 19:07:45,004 - org.eclipse.emf.edit.ui - 2.12.0.v20160526-0356
2017-12-19 19:07:45,004 - org.eclipse.help - 3.7.0.v20160602-1307
2017-12-19 19:07:45,004 - org.eclipse.ui - 3.108.0.v20160518-1929
2017-12-19 19:07:45,004 - org.eclipse.ui.workbench - 3.108.0.v20160602-1232
2017-12-19 19:07:45,004 - org.eclipse.update.configurator - 3.3.400.v20160506-0750
2017-12-19 19:07:45,020 - org.eclipse.rcp - 4.6.0.v20160606-1100
2017-12-19 19:07:45,020 - org.eclipse.recommenders.rcp - 2.4.0.v20160607-1609
2017-12-19 19:07:45,020 - org.eclipse.recommenders.apidocs - 2.4.0.v20160607-1609
2017-12-19 19:07:45,020 - org.eclipse.recommenders.apidocs.rcp - 2.4.0.v20160607-1609
2017-12-19 19:07:45,035 - org.eclipse.recommenders.calls - 2.4.0.v20160607-1609
2017-12-19 19:07:45,035 - org.eclipse.recommenders.calls.rcp - 2.4.0.v20160607-1609
2017-12-19 19:07:45,035 - org.eclipse.recommenders.chain.rcp - 2.4.0.v20160607-1609
2017-12-19 19:07:45,035 - org.eclipse.recommenders.completion.rcp - 2.4.0.v20160607-1609
2017-12-19 19:07:45,035 - org.eclipse.recommenders.constructors - 2.4.0.v20160607-1609
2017-12-19 19:07:45,035 - org.eclipse.recommenders.constructors.rcp - 2.4.0.v20160607-1609
2017-12-19 19:07:45,035 - org.eclipse.recommenders.coordinates - 2.4.0.v20160607-1609
2017-12-19 19:07:45,035 - org.eclipse.recommenders.coordinates.rcp - 2.4.0.v20160607-1609
2017-12-19 19:07:45,035 - org.eclipse.recommenders.injection - 2.4.0.v20160607-1609
2017-12-19 19:07:45,035 - org.eclipse.recommenders.jayes - 2.4.0.v20160607-1609
2017-12-19 19:07:45,035 - org.eclipse.recommenders.jayes.io - 2.4.0.v20160607-1609
2017-12-19 19:07:45,035 - org.eclipse.recommenders.jdt - 2.4.0.v20160607-1609
2017-12-19 19:07:45,035 - org.eclipse.recommenders.models - 2.4.0.v20160607-1609
2017-12-19 19:07:45,035 - org.eclipse.recommenders.models.rcp - 2.4.0.v20160607-1609
2017-12-19 19:07:45,035 - org.eclipse.recommenders.net - 2.4.0.v20160607-1609
2017-12-19 19:07:45,035 - org.eclipse.recommenders.overrides - 2.4.0.v20160607-1609
2017-12-19 19:07:45,051 - org.eclipse.recommenders.overrides.rcp - 2.4.0.v20160607-1609
2017-12-19 19:07:45,051 - org.eclipse.recommenders.subwords.rcp - 2.4.0.v20160607-1609
2017-12-19 19:07:45,051 - org.eclipse.recommenders.types.rcp - 2.4.0.v20160607-1609
2017-12-19 19:07:45,051 - org.eclipse.recommenders.utils - 2.4.0.v20160607-1609
2017-12-19 19:07:45,051 - org.eclipse.recommenders.utils.rcp - 2.4.0.v20160607-1609
2017-12-19 19:07:45,051 - org.eclipse.mylyn.commons.repositories.http.core - 1.12.0.v20160421-1819
2017-12-19 19:07:45,051 - org.eclipse.datatools.connectivity.oda.design.ui - 3.3.0.201603142002
2017-12-19 19:07:45,051 - org.eclipse.datatools.connectivity.ui.dse - 1.2.0.201603142002
2017-12-19 19:07:45,051 - org.eclipse.datatools.connectivity.ui - 1.3.0.201603142002
2017-12-19 19:07:45,066 - org.eclipse.datatools.connectivity.sqm.core - 1.3.0.201603142002
2017-12-19 19:07:45,066 - org.eclipse.datatools.help - 1.6.0.201603142002
2017-12-19 19:07:45,066 - org.eclipse.jdt - 3.12.0.v20160606-1100
2017-12-19 19:07:45,066 - org.eclipse.ant.ui - 3.6.200.v20160525-1820
2017-12-19 19:07:45,066 - org.eclipse.jdt.apt.core - 3.4.100.v20160525-0952
2017-12-19 19:07:45,066 - org.eclipse.jdt.apt.ui - 3.4.100.v20160418-1457
2017-12-19 19:07:45,066 - org.eclipse.jdt.apt.pluggable.core - 1.1.100.v20160418-1457
2017-12-19 19:07:45,066 - org.eclipse.jdt.compiler.apt - 1.2.100.v20160418-1457
2017-12-19 19:07:45,066 - org.eclipse.jdt.compiler.tool - 1.1.100.v20160418-1457
2017-12-19 19:07:45,066 - org.eclipse.jdt.core - 3.12.0.v20160516-2131
2017-12-19 19:07:45,066 - org.eclipse.jdt.annotation - 2.1.0.v20160418-1457
2017-12-19 19:07:45,066 - org.eclipse.jdt.annotation - 2.1.0.v20160418-1457
2017-12-19 19:07:45,082 - org.eclipse.jdt.core.manipulation - 1.7.0.v20160419-0705
2017-12-19 19:07:45,098 - org.eclipse.jdt.debug.ui - 3.7.200.v20160423-1519
2017-12-19 19:07:45,098 - org.eclipse.jdt.debug - 3.10.0.v20160418-1524
2017-12-19 19:07:45,098 - org.eclipse.jdt.junit - 3.9.0.v20160421-1701
2017-12-19 19:07:45,098 - org.eclipse.jdt.junit.core - 3.8.0.v20160421-1701
2017-12-19 19:07:45,098 - org.eclipse.jdt.junit.runtime - 3.4.600.v20160505-0715
2017-12-19 19:07:45,098 - org.eclipse.jdt.junit4.runtime - 1.1.600.v20160505-0715
2017-12-19 19:07:45,113 - org.eclipse.jdt.launching - 3.8.100.v20160505-0636
2017-12-19 19:07:45,113 - org.eclipse.jdt.ui - 3.12.0.v20160525-1829
2017-12-19 19:07:45,129 - org.junit - 4.12.0.v201504281640
2017-12-19 19:07:45,129 - org.hamcrest.core - 1.3.0.v201303031735
2017-12-19 19:07:45,129 - org.eclipse.jdt.doc.user - 3.12.0.v20160601-2148
2017-12-19 19:07:45,129 - org.eclipse.ant.launching - 1.1.200.v20160418-1631
2017-12-19 19:07:45,129 - org.eclipse.emf.common - 2.12.0.v20160420-0247
2017-12-19 19:07:45,129 - org.eclipse.sequoyah.vnc.vncviewer.vncviews - 2.1.0.N20120718-0509
2017-12-19 19:07:45,145 - org.eclipse.egit.mylyn.ui - 4.4.0.201606070830-r
2017-12-19 19:07:45,145 - org.eclipse.datatools.sqltools.common.ui - 1.1.0.201603142002
2017-12-19 19:07:45,145 - org.eclipse.datatools.sqltools.debugger.core - 1.1.0.201603142002
2017-12-19 19:07:45,145 - org.eclipse.datatools.sqltools.editor.core - 1.1.0.201603142002
2017-12-19 19:07:45,145 - org.eclipse.datatools.sqltools.plan - 1.1.0.201603142002
2017-12-19 19:07:45,145 - org.eclipse.datatools.sqltools.routineeditor - 1.1.0.201603142002
2017-12-19 19:07:45,145 - org.eclipse.datatools.sqltools.sql - 1.1.0.201603142002
2017-12-19 19:07:45,145 - org.eclipse.datatools.sqltools.sqleditor - 1.1.0.201603142002
2017-12-19 19:07:45,145 - org.eclipse.datatools.sqltools.sqlscrapbook - 1.1.0.201603142002
2017-12-19 19:07:45,145 - org.eclipse.datatools.help - 1.6.0.201603142002
2017-12-19 19:07:45,145 - org.eclipse.datatools.sqltools.db.generic - 1.1.0.201603142002
2017-12-19 19:07:45,145 - org.eclipse.datatools.sqltools.debugger.core.ui - 1.1.0.201603142002
2017-12-19 19:07:45,160 - org.eclipse.datatools.sqltools.editor.core.ui - 1.1.0.201603142002
2017-12-19 19:07:45,160 - org.eclipse.datatools.sqltools.result.ui - 1.2.0.201603142002
2017-12-19 19:07:45,160 - org.eclipse.datatools.sqltools.routineeditor.ui - 1.1.0.201603142002
2017-12-19 19:07:45,160 - org.eclipse.datatools.sqltools.sql.ui - 1.1.0.201603142002
2017-12-19 19:07:45,160 - org.objectweb.asm - 5.0.1.v201404251740
2017-12-19 19:07:45,160 - org.eclipse.andmore - 0.5.0.201605181018
2017-12-19 19:07:45,160 - org.eclipse.andmore.base - 0.5.0.201605181018
2017-12-19 19:07:45,160 - org.eclipse.andmore.ddms - 0.5.0.201605181018
2017-12-19 19:07:45,160 - org.eclipse.andmore.overlay - 0.5.0.201605181018
2017-12-19 19:07:45,160 - org.apache.commons.codec - 1.6.0.v201305230611
2017-12-19 19:07:45,176 - org.apache.commons.compress - 1.6.0.v201310281400
2017-12-19 19:07:45,176 - org.apache.httpcomponents.httpclient - 4.3.6.v201511171540
2017-12-19 19:07:45,191 - org.apache.httpcomponents.httpcore - 4.3.3.v201411290715
2017-12-19 19:07:45,191 - org.eclipse.datatools.modelbase.dbdefinition - 1.1.0.201603142002
2017-12-19 19:07:45,191 - org.eclipse.datatools.modelbase.sql.edit - 1.1.0.201603142002
2017-12-19 19:07:45,191 - org.eclipse.datatools.modelbase.sql.query - 1.2.0.201603142002
2017-12-19 19:07:45,191 - org.eclipse.datatools.modelbase.sql.query.edit - 1.1.0.201603142002
2017-12-19 19:07:45,191 - org.eclipse.datatools.modelbase.sql.xml.query - 1.1.0.201603142002
2017-12-19 19:07:45,191 - org.eclipse.datatools.modelbase.sql - 1.1.0.201603142002
2017-12-19 19:07:45,191 - org.eclipse.oomph.setup.editor - 1.4.0.v20160505-0456
2017-12-19 19:07:45,207 - org.eclipse.oomph.setup.ui - 1.4.0.v20160530-1200
2017-12-19 19:07:45,207 - org.eclipse.oomph.setup.doc - 1.4.0.v20160426-0423
2017-12-19 19:07:45,207 - org.eclipse.oomph.setup.ui.questionnaire - 1.4.0.v20160530-1435
2017-12-19 19:07:45,207 - org.eclipse.oomph.jreinfo.ui - 1.4.0.v20160426-0423
2017-12-19 19:07:45,207 - org.eclipse.emf.mapping - 2.9.0.v20160526-0356
2017-12-19 19:07:45,238 - org.eclipse.emf.ecore - 2.12.0.v20160420-0247
2017-12-19 19:07:45,238 - org.eclipse.emf.ecore.change - 2.11.0.v20160420-0247
2017-12-19 19:07:45,238 - org.eclipse.emf.ecore.xmi - 2.12.0.v20160420-0247
2017-12-19 19:07:45,238 - org.eclipse.jgit - 4.4.0.201606070830-r
2017-12-19 19:07:45,238 - org.eclipse.jgit.archive - 4.4.0.201606070830-r
2017-12-19 19:07:45,238 - com.jcraft.jsch - 0.1.53.v201508180515
2017-12-19 19:07:45,238 - javaewah - 0.7.9.v201605172130
2017-12-19 19:07:45,238 - org.apache.commons.compress - 1.6.0.v201310281400
2017-12-19 19:07:45,254 - org.slf4j.api - 1.7.2.v20121108-1250
2017-12-19 19:07:45,254 - org.slf4j.impl.log4j12 - 1.7.2.v20131105-2200
2017-12-19 19:07:45,254 - org.apache.log4j - 1.2.15.v201012070815
2017-12-19 19:07:45,270 - org.eclipse.mylyn.wikitext.core - 2.9.0.v20160513-1433
2017-12-19 19:07:45,270 - org.eclipse.mylyn.wikitext.core.ant - 2.9.0.v20160513-1433
2017-12-19 19:07:45,270 - org.eclipse.mylyn.wikitext.core.osgi - 2.9.0.v20160513-1433
2017-12-19 19:07:45,270 - org.eclipse.mylyn.wikitext.textile.core - 2.9.0.v20160513-1433
2017-12-19 19:07:45,285 - org.eclipse.mylyn.wikitext.html.core - 2.9.0.v20160513-1433
2017-12-19 19:07:45,285 - org.eclipse.mylyn.wikitext.markdown.core - 2.9.0.v20160513-1433
2017-12-19 19:07:45,285 - org.eclipse.mylyn.wikitext.mediawiki.core - 2.9.0.v20160513-1433
2017-12-19 19:07:45,285 - org.eclipse.mylyn.wikitext.mediawiki.core.ant - 2.9.0.v20160513-1433
2017-12-19 19:07:45,285 - org.eclipse.mylyn.wikitext.confluence.core - 2.9.0.v20160513-1433
2017-12-19 19:07:45,285 - org.eclipse.mylyn.wikitext.tracwiki.core - 2.9.0.v20160513-1433
2017-12-19 19:07:45,285 - org.eclipse.mylyn.wikitext.twiki.core - 2.9.0.v20160519-0832
2017-12-19 19:07:45,285 - org.eclipse.mylyn.wikitext.ui - 2.9.0.v20160516-1547
2017-12-19 19:07:45,285 - org.eclipse.mylyn.wikitext.help.ui - 2.9.0.v20160524-0547
2017-12-19 19:07:45,301 - org.eclipse.mylyn.wikitext.textile.ui - 2.9.0.v20160513-1433
2017-12-19 19:07:45,316 - org.eclipse.mylyn.wikitext.markdown.ui - 2.9.0.v20160513-1433
2017-12-19 19:07:45,316 - org.eclipse.mylyn.wikitext.mediawiki.ui - 2.9.0.v20160513-1433
2017-12-19 19:07:45,316 - org.eclipse.mylyn.wikitext.confluence.ui - 2.9.0.v20160513-1433
2017-12-19 19:07:45,316 - org.eclipse.mylyn.wikitext.tracwiki.ui - 2.9.0.v20160513-1433
2017-12-19 19:07:45,316 - org.eclipse.mylyn.wikitext.twiki.ui - 2.9.0.v20160513-1433
2017-12-19 19:07:45,316 - org.eclipse.mylyn.wikitext.tasks.ui - 2.9.0.v20160513-1433
2017-12-19 19:07:45,316 - org.eclipse.mylyn.wikitext.context.ui - 2.9.0.v20160513-1433
2017-12-19 19:07:45,316 - org.eclipse.mylyn.wikitext.asciidoc.core - 2.9.0.v20160524-1633
2017-12-19 19:07:45,316 - org.eclipse.mylyn.wikitext.asciidoc.ui - 2.9.0.v20160516-1451
2017-12-19 19:07:45,332 - org.eclipse.emf.mapping.ecore.editor - 2.6.0.v20160526-0356
2017-12-19 19:07:45,332 - org.eclipse.emf.mapping.ecore2ecore.editor - 2.7.0.v20160526-0356
2017-12-19 19:07:45,332 - org.eclipse.emf.mapping.ecore2xml.ui - 2.8.0.v20160526-0356
2017-12-19 19:07:45,332 - org.eclipse.recommenders.mylyn.rcp - 2.4.0.v20160607-1609
2017-12-19 19:07:45,410 - org.apache.ant - 1.9.6.v201510161327
2017-12-19 19:07:45,426 - org.eclipse.ant.core - 3.4.100.v20160505-0642
2017-12-19 19:07:45,426 - com.jcraft.jsch - 0.1.53.v201508180515
2017-12-19 19:07:45,426 - org.eclipse.compare.core - 3.6.0.v20160418-1534
2017-12-19 19:07:45,426 - org.eclipse.compare - 3.6.0.v20160418-1534
2017-12-19 19:07:45,426 - org.eclipse.compare.win32 - 1.1.0.v20160418-1534
2017-12-19 19:07:45,426 - org.eclipse.core.filebuffers - 3.6.0.v20160503-1849
2017-12-19 19:07:45,426 - org.eclipse.core.filesystem - 1.6.0.v20160503-1608
2017-12-19 19:07:45,426 - org.eclipse.core.net - 1.3.0.v20160418-1534
2017-12-19 19:07:45,426 - org.eclipse.core.net.win32.x86_64 - 1.1.0.v20160323-1650
2017-12-19 19:07:45,426 - org.eclipse.core.resources - 3.11.0.v20160503-1608
2017-12-19 19:07:45,426 - org.eclipse.osgi.util - 3.3.100.v20150423-1351
2017-12-19 19:07:45,441 - org.eclipse.debug.core - 3.10.100.v20160419-1720
2017-12-19 19:07:45,441 - org.eclipse.debug.ui - 3.11.200.v20160518-1858
2017-12-19 19:07:45,441 - org.eclipse.equinox.event - 1.3.200.v20160324-1850
2017-12-19 19:07:45,441 - org.eclipse.ltk.core.refactoring - 3.7.0.v20160419-0705
2017-12-19 19:07:45,441 - org.eclipse.ltk.ui.refactoring - 3.8.0.v20160518-1817
2017-12-19 19:07:45,441 - org.eclipse.platform - 4.6.0.v20160606-1100
2017-12-19 19:07:45,441 - org.eclipse.platform.doc.user - 4.6.0.v20160606-1250
2017-12-19 19:07:45,457 - org.eclipse.search - 3.11.0.v20160519-1501
2017-12-19 19:07:45,457 - org.eclipse.team.core - 3.8.0.v20160418-1534
2017-12-19 19:07:45,457 - org.eclipse.team.ui - 3.8.0.v20160518-1906
2017-12-19 19:07:45,457 - org.eclipse.text - 3.6.0.v20160503-1849
2017-12-19 19:07:45,457 - org.eclipse.jface.text - 3.11.0.v20160505-1301
2017-12-19 19:07:45,457 - org.eclipse.jsch.core - 1.3.0.v20160422-1917
2017-12-19 19:07:45,457 - org.eclipse.jsch.ui - 1.3.0.v20160323-1650
2017-12-19 19:07:45,457 - org.eclipse.ui.console - 3.6.200.v20160518-1858
2017-12-19 19:07:45,457 - org.eclipse.ui.intro - 3.5.0.v20160509-1548
2017-12-19 19:07:45,457 - org.eclipse.ui.intro.universal - 3.3.0.v20160519-1604
2017-12-19 19:07:45,457 - org.eclipse.ui.cheatsheets - 3.5.0.v20160504-0839
2017-12-19 19:07:45,457 - org.eclipse.ui.browser - 3.5.0.v20160518-1929
2017-12-19 19:07:45,457 - org.eclipse.ui.monitoring - 1.1.0.v20160131-1628
2017-12-19 19:07:45,457 - org.eclipse.ui.navigator - 3.6.100.v20160518-1929
2017-12-19 19:07:45,488 - org.eclipse.ui.navigator.resources - 3.5.100.v20160518-1929
2017-12-19 19:07:45,488 - org.eclipse.ui.net - 1.3.0.v20160426-1633
2017-12-19 19:07:45,488 - org.eclipse.ui.workbench.texteditor - 3.10.0.v20160530-2011
2017-12-19 19:07:45,488 - org.eclipse.ui.views - 3.8.100.v20160518-1929
2017-12-19 19:07:45,488 - org.eclipse.ui.editors - 3.10.0.v20160505-0931
2017-12-19 19:07:45,488 - org.eclipse.ui.externaltools - 3.3.100.v20160518-1858
2017-12-19 19:07:45,488 - org.eclipse.ui.ide - 3.12.0.v20160601-1609
2017-12-19 19:07:45,488 - org.eclipse.ui.ide.application - 1.1.100.v20160518-1929
2017-12-19 19:07:45,488 - org.eclipse.ui.win32 - 3.3.0.v20160505-1310
2017-12-19 19:07:45,488 - org.eclipse.core.resources.win32.x86_64 - 3.5.0.v20140124-1940
2017-12-19 19:07:45,488 - org.eclipse.core.filesystem.win32.x86_64 - 1.4.0.v20140124-1940
2017-12-19 19:07:45,488 - org.eclipse.core.variables - 3.3.0.v20160419-1720
2017-12-19 19:07:45,504 - org.eclipse.ui.forms - 3.7.0.v20160518-1929
2017-12-19 19:07:45,504 - org.eclipse.ui.views.properties.tabbed - 3.7.0.v20160310-0903
2017-12-19 19:07:45,504 - org.eclipse.equinox.security - 1.2.200.v20150715-1528
2017-12-19 19:07:45,504 - org.eclipse.equinox.security.ui - 1.1.300.v20150803-1225
2017-12-19 19:07:45,504 - org.eclipse.equinox.security.win32.x86_64 - 1.0.100.v20130327-1442
2017-12-19 19:07:45,504 - org.eclipse.core.externaltools - 1.0.400.v20160509-1057
2017-12-19 19:07:45,504 - org.eclipse.ui.themes - 1.1.100.v20160411-1921
2017-12-19 19:07:45,504 - org.eclipse.core.runtime - 3.12.0.v20160606-1342
2017-12-19 19:07:45,504 - org.eclipse.ui.intro.quicklinks - 1.0.0.v20160515-0255
2017-12-19 19:07:45,504 - org.eclipse.mylyn.discovery.core - 3.20.0.v20160421-1819
2017-12-19 19:07:45,504 - org.eclipse.mylyn.discovery.ui - 3.20.0.v20160421-1819
2017-12-19 19:07:45,520 - org.eclipse.emf.ecore.edit - 2.9.0.v20160526-0356
2017-12-19 19:07:45,520 - org.eclipse.emf.ecore.change.edit - 2.6.0.v20160526-0356
2017-12-19 19:07:45,520 - org.eclipse.sequoyah.vnc.protocol - 2.1.0.N20120718-0509
2017-12-19 19:07:45,520 - org.eclipse.emf.mapping.ecore - 2.6.0.v20160526-0356
2017-12-19 19:07:45,520 - org.eclipse.emf.mapping.ecore2ecore - 2.9.0.v20160526-0356
2017-12-19 19:07:45,520 - org.eclipse.emf.mapping.ecore2xml - 2.9.0.v20160526-0356
2017-12-19 19:07:45,520 - org.eclipse.mylyn.versions.core - 1.12.0.v20160421-1824
2017-12-19 19:07:45,535 - org.eclipse.mylyn.versions.ui - 1.12.0.v20160421-1824
2017-12-19 19:07:45,535 - org.eclipse.andmore.traceview - 0.5.0.201605181018
2017-12-19 19:07:45,535 - org.eclipse.sequoyah.localization.android - 2.1.0.N20120718-0509
2017-12-19 19:07:45,535 - org.eclipse.sequoyah.localization.android.help - 2.1.1.N20120718-0509
2017-12-19 19:07:45,551 - org.eclipse.m2e.logback.configuration - 1.7.0.20160603-1933
2017-12-19 19:07:45,551 - org.eclipse.m2e.logback.appender - 1.7.0.20160603-1933
2017-12-19 19:07:45,551 - org.eclipse.emf.codegen - 2.11.0.v20160526-0356
2017-12-19 19:07:45,551 - org.eclipse.wst.dtd.ui - 1.0.801.v201308100602
2017-12-19 19:07:45,551 - org.eclipse.wst.dtd.ui.infopop - 1.0.400.v201309112106
2017-12-19 19:07:45,551 - org.eclipse.wst.sse.ui.infopop - 1.0.300.v201309112106
2017-12-19 19:07:45,551 - org.eclipse.wst.xml.ui.infopop - 1.0.400.v201309112106
2017-12-19 19:07:45,566 - org.eclipse.wst.sse.ui - 1.3.500.v201605120129
2017-12-19 19:07:45,566 - org.eclipse.wst.xml.ui - 1.1.700.v201604272318
2017-12-19 19:07:45,566 - org.eclipse.wst.xsd.ui - 1.2.600.v201511240159
2017-12-19 19:07:45,566 - org.eclipse.emf - 2.6.0.v20160526-0356
2017-12-19 19:07:45,566 - org.eclipse.datatools.doc.user - 1.7.0.20090521092446
2017-12-19 19:07:45,582 - org.eclipse.datatools.oda.cshelp - 1.2.0.201603142002
2017-12-19 19:07:45,582 - org.eclipse.datatools.help - 1.6.0.201603142002
2017-12-19 19:07:45,598 - org.eclipse.mylyn.tasks.bugs - 3.20.0.v20160425-1835
2017-12-19 19:07:45,598 - org.eclipse.mylyn.help.ui - 3.20.0.v20160425-1835
2017-12-19 19:07:45,598 - org.eclipse.draw2d - 3.10.100.201606061308
2017-12-19 19:07:45,613 - org.eclipse.emf.edit - 2.12.0.v20160526-0356
2017-12-19 19:07:45,613 - org.eclipse.mylyn.commons.core - 3.20.0.v20160421-1819
2017-12-19 19:07:45,613 - org.eclipse.mylyn.commons.screenshots - 3.20.0.v20160421-1819
2017-12-19 19:07:45,613 - org.eclipse.mylyn.commons.ui - 3.20.0.v20160421-1819
2017-12-19 19:07:45,613 - org.eclipse.mylyn.commons.workbench - 3.20.0.v20160421-1819
2017-12-19 19:07:45,613 - org.eclipse.mylyn.bugzilla.ide - 3.20.0.v20160421-1902
2017-12-19 19:07:45,613 - org.eclipse.mylyn.ide.ui - 3.20.0.v20160421-1902
2017-12-19 19:07:45,629 - org.eclipse.emf.databinding.edit - 1.3.0.v20160526-0356
2017-12-19 19:07:45,629 - org.eclipse.emf.codegen.ecore - 2.12.0.v20160526-0356
2017-12-19 19:07:45,629 - org.eclipse.emf.ant - 2.8.0.v20160526-0356
2017-12-19 19:07:45,645 - org.eclipse.m2e.archetype.common - 1.7.0.20160603-1931
2017-12-19 19:07:45,645 - org.eclipse.m2e.maven.indexer - 1.7.0.20160603-1931
2017-12-19 19:07:45,645 - org.eclipse.m2e.model.edit - 1.7.0.20160603-1933
2017-12-19 19:07:45,645 - org.eclipse.m2e.core - 1.7.0.20160603-1933
2017-12-19 19:07:45,645 - org.eclipse.m2e.launching - 1.7.0.20160603-1933
2017-12-19 19:07:45,645 - org.eclipse.m2e.workspace.cli - 0.3.1
2017-12-19 19:07:45,660 - org.eclipse.m2e.jdt - 1.7.0.20160603-1933
2017-12-19 19:07:45,660 - org.eclipse.m2e.editor - 1.7.0.20160603-1933
2017-12-19 19:07:45,660 - org.eclipse.m2e.editor.xml - 1.7.0.20160603-1933
2017-12-19 19:07:45,691 - org.eclipse.m2e.maven.runtime - 1.7.0.20160603-1931
2017-12-19 19:07:45,691 - org.eclipse.m2e.maven.runtime.slf4j.simple - 1.7.0.20160603-1931
2017-12-19 19:07:45,691 - org.eclipse.m2e.refactoring - 1.7.0.20160603-1933
2017-12-19 19:07:45,691 - org.eclipse.m2e.lifecyclemapping.defaults - 1.7.0.20160603-1933
2017-12-19 19:07:45,691 - org.eclipse.m2e.discovery - 1.7.0.20160603-1933
2017-12-19 19:07:45,691 - org.eclipse.m2e.core.ui - 1.7.0.20160603-1933
2017-12-19 19:07:45,691 - org.eclipse.m2e.scm - 1.7.0.20160603-1933
2017-12-19 19:07:45,691 - org.eclipse.m2e.jdt.ui - 1.7.0.20160603-1933
2017-12-19 19:07:45,691 - org.eclipse.m2e.profiles.core - 1.7.0.20160603-1933
2017-12-19 19:07:45,691 - org.eclipse.m2e.profiles.ui - 1.7.0.20160603-1933
2017-12-19 19:07:45,707 - org.eclipse.m2e.importer - 1.7.0.20160603-1933
2017-12-19 19:07:45,707 - org.eclipse.andmore.ndk - 0.5.0.201605181018
2017-12-19 19:07:45,707 - org.eclipse.andmore.gldebugger - 0.5.0.201605181018
2017-12-19 19:07:45,723 - org.eclipse.mylyn.hudson.core - 1.12.0.v20160524-1837
2017-12-19 19:07:45,723 - org.eclipse.mylyn.hudson.ui - 1.12.0.v20160421-2142
2017-12-19 19:07:45,723 - org.eclipse.epp.mpc.core - 1.5.0.v20160608-1457
2017-12-19 19:07:45,723 - org.eclipse.epp.mpc.ui - 1.5.0.v20160608-1804
2017-12-19 19:07:45,723 - org.eclipse.epp.mpc.help.ui - 1.5.0.v20160524-1910
2017-12-19 19:07:45,723 - org.apache.httpcomponents.httpclient - 4.3.6.v201511171540
2017-12-19 19:07:45,723 - org.apache.httpcomponents.httpcore - 4.3.3.v201411290715
2017-12-19 19:07:45,723 - org.eclipse.datatools.connectivity.oda.consumer - 3.3.0.201603142002
2017-12-19 19:07:45,723 - org.eclipse.datatools.connectivity.oda.design - 3.4.0.201603142002
2017-12-19 19:07:45,723 - org.eclipse.datatools.connectivity.oda.profile - 3.3.0.201603142002
2017-12-19 19:07:45,738 - org.eclipse.datatools.connectivity.oda - 3.5.0.201603142002
2017-12-19 19:07:45,738 - org.eclipse.datatools.connectivity - 1.13.0.201603142002
2017-12-19 19:07:45,738 - org.eclipse.mylyn.git.core - 1.12.0.v20160421-1824
2017-12-19 19:07:45,738 - org.eclipse.mylyn.git.ui - 1.12.0.v20160421-1824
2017-12-19 19:07:45,754 - org.eclipse.andmore.android.certmanager - 0.5.0.201605181018
2017-12-19 19:07:45,770 - org.eclipse.recommenders.snipmatch - 2.4.0.v20160607-1609
2017-12-19 19:07:45,770 - org.eclipse.recommenders.snipmatch.rcp - 2.4.0.v20160607-1609
2017-12-19 19:07:45,770 - org.eclipse.cdt.gdb - 7.0.0.201606062011
2017-12-19 19:07:45,770 - org.eclipse.cdt.gdb.ui - 7.0.0.201606062011
2017-12-19 19:07:45,770 - org.eclipse.pde - 3.12.0.v20160606-1100
2017-12-19 19:07:45,770 - org.eclipse.pde.build - 3.9.200.v20160204-0642
2017-12-19 19:07:45,785 - org.eclipse.pde.core - 3.11.0.v20160510-1223
2017-12-19 19:07:45,785 - org.eclipse.pde.junit.runtime - 3.5.0.v20151013-0625
2017-12-19 19:07:45,785 - org.eclipse.pde.runtime - 3.5.0.v20160418-1724
2017-12-19 19:07:45,785 - org.eclipse.pde.ui - 3.9.0.v20160525-1830
2017-12-19 19:07:45,785 - org.eclipse.pde.doc.user - 3.12.0.v20160601-2148
2017-12-19 19:07:45,785 - org.eclipse.pde.ui.templates - 3.6.0.v20160424-1948
2017-12-19 19:07:45,785 - org.eclipse.ui.views.log - 1.2.0.v20160418-1724
2017-12-19 19:07:45,785 - org.objectweb.asm - 5.0.1.v201404251740
2017-12-19 19:07:45,785 - org.objectweb.asm.tree - 5.0.1.v201404251740
2017-12-19 19:07:45,785 - org.eclipse.pde.api.tools - 1.1.0.v20160508-0834
2017-12-19 19:07:45,785 - org.eclipse.pde.api.tools.annotations - 1.0.100.v20160418-1724
2017-12-19 19:07:45,785 - org.eclipse.pde.api.tools.ui - 1.1.0.v20160519-0701
2017-12-19 19:07:45,801 - org.eclipse.pde.ds.core - 1.1.0.v20151201-1325
2017-12-19 19:07:45,801 - org.eclipse.pde.ds.ui - 1.1.0.v20160518-1843
2017-12-19 19:07:45,801 - org.eclipse.pde.launching - 3.6.400.v20160121-1248
2017-12-19 19:07:45,801 - org.eclipse.pde.ua.core - 1.0.500.v20160204-0642
2017-12-19 19:07:45,801 - org.eclipse.pde.ua.ui - 1.1.0.v20160518-1843
2017-12-19 19:07:45,801 - org.eclipse.ui.trace - 1.0.400.v20160509-1055
2017-12-19 19:07:45,801 - org.eclipse.pde.ds.annotations - 1.0.0.v20160525-1437
2017-12-19 19:07:45,801 - org.eclipse.sequoyah.localization.tools - 2.1.0.N20120718-0509
2017-12-19 19:07:45,801 - org.eclipse.sequoyah.localization.editor - 2.1.0.N20120718-0509
2017-12-19 19:07:45,816 - net.sourceforge.lpg.lpgjavaruntime - 1.1.0.v201004271650
2017-12-19 19:07:45,816 - org.eclipse.datatools.sqltools.parsers.sql.lexer - 1.1.0.201603142002
2017-12-19 19:07:45,816 - org.eclipse.datatools.sqltools.parsers.sql.query - 1.3.0.201603142002
2017-12-19 19:07:45,816 - org.eclipse.datatools.sqltools.parsers.sql.xml.query - 1.1.0.201603142002
2017-12-19 19:07:45,816 - org.eclipse.datatools.sqltools.parsers.sql - 1.1.0.201603142002
2017-12-19 19:07:45,816 - org.eclipse.mylyn.java.ui - 3.20.0.v20160421-1902
2017-12-19 19:07:45,816 - org.eclipse.mylyn.java.tasks - 3.20.0.v20160421-1902
2017-12-19 19:07:45,816 - org.eclipse.mylyn.ide.ui - 3.20.0.v20160421-1902
2017-12-19 19:07:45,816 - org.eclipse.mylyn.ide.ant - 3.20.0.v20160421-1902
2017-12-19 19:07:45,816 - org.eclipse.mylyn.debug.ui - 3.20.0.v20160421-1902
2017-12-19 19:07:45,832 - org.eclipse.mylyn.team.ui - 3.20.0.v20160421-1902
2017-12-19 19:07:45,832 - org.eclipse.datatools.sqltools.sql - 1.1.0.201603142002
2017-12-19 19:07:45,832 - org.eclipse.datatools.sqltools.common.ui - 1.1.0.201603142002
2017-12-19 19:07:45,832 - org.eclipse.datatools.sqltools.plan - 1.1.0.201603142002
2017-12-19 19:07:45,832 - org.eclipse.datatools.sqltools.editor.core - 1.1.0.201603142002
2017-12-19 19:07:45,832 - org.eclipse.datatools.sqltools.sqleditor - 1.1.0.201603142002
2017-12-19 19:07:45,832 - org.eclipse.datatools.sqltools.ddlgen.ui - 1.1.0.201603142002
2017-12-19 19:07:45,832 - org.eclipse.datatools.connectivity.db.generic - 1.1.0.201603142002
2017-12-19 19:07:45,832 - org.eclipse.datatools.sqltools.editor.core.ui - 1.1.0.201603142002
2017-12-19 19:07:45,832 - org.eclipse.datatools.sqltools.sql.ui - 1.1.0.201603142002
2017-12-19 19:07:45,848 - org.eclipse.emf.common.ui - 2.11.0.v20160526-0356
2017-12-19 19:07:45,848 - org.eclipse.mylyn.commons.repositories.core - 1.12.0.v20160421-1819
2017-12-19 19:07:45,848 - org.eclipse.mylyn.commons.repositories.ui - 1.12.0.v20160421-1819
2017-12-19 19:07:45,848 - org.eclipse.sequoyah.device.common.utilities - 2.1.0.N20120718-0509
2017-12-19 19:07:45,848 - org.eclipse.andmore.android.common - 0.5.0.201605181018
2017-12-19 19:07:45,848 - org.eclipse.andmore.android.codeutils - 0.5.0.201605181018
2017-12-19 19:07:45,848 - org.eclipse.andmore.android.translation - 0.5.0.201605181018
2017-12-19 19:07:45,848 - org.eclipse.andmore.android.codesnippets - 0.5.0.201605181018
2017-12-19 19:07:45,863 - org.eclipse.andmore.android.db.core - 0.5.0.201605181018
2017-12-19 19:07:45,863 - org.eclipse.andmore.android.logger - 0.5.0.201605181018
2017-12-19 19:07:45,863 - org.eclipse.andmore.android - 0.5.0.201605181018
2017-12-19 19:07:45,863 - org.eclipse.andmore.android.emulator - 0.5.0.201605181018
2017-12-19 19:07:45,863 - org.eclipse.andmore.android.launch - 0.5.0.201605181018
2017-12-19 19:07:45,863 - org.eclipse.andmore.android.packaging.ui - 0.5.0.201605181018
2017-12-19 19:07:45,863 - org.eclipse.andmore.android.handset - 0.5.0.201605181018
2017-12-19 19:07:45,863 - org.eclipse.andmore.android.remote - 0.5.0.201605181018
2017-12-19 19:07:45,863 - org.eclipse.andmore.android.win32.x86_64 - 0.5.0.201605181018
2017-12-19 19:07:45,863 - org.eclipse.andmore.android.mat - 0.5.0.201605181018
2017-12-19 19:07:45,863 - org.eclipse.andmore.android.devices.services - 0.5.0.201605181018
2017-12-19 19:07:45,863 - org.eclipse.andmore.android.db.devices - 0.5.0.201605181018
2017-12-19 19:07:45,863 - org.eclipse.andmore.android.installer - 0.5.0.201605181018
2017-12-19 19:07:45,863 - org.eclipse.andmore.android.logger.collector - 0.5.0.201605181018
2017-12-19 19:07:45,863 - org.eclipse.emf.mapping.ui - 2.7.0.v20160526-0356
2017-12-19 19:07:45,879 - org.eclipse.mylyn.monitor.core - 3.20.0.v20160421-1819
2017-12-19 19:07:45,879 - org.eclipse.mylyn.monitor.ui - 3.20.0.v20160421-1819
2017-12-19 19:07:45,879 - org.eclipse.datatools.connectivity.oda.template.ui - 3.3.0.201603142002
2017-12-19 19:07:45,895 - org.eclipse.sequoyah.vnc.vncviewer - 2.1.0.N20120718-0509
2017-12-19 19:07:45,895 - org.eclipse.emf.codegen.ecore.ui - 2.12.0.v20160526-0356
2017-12-19 19:07:45,910 - org.eclipse.emf.ecore.editor - 2.12.0.v20160526-0356
2017-12-19 19:07:45,910 - org.eclipse.epp.package.android - 4.6.0.20160613-1800
2017-12-19 19:07:45,910 - org.eclipse.mylyn.builds.core - 1.12.0.v20160421-2142
2017-12-19 19:07:45,910 - org.eclipse.mylyn.builds.ui - 1.12.0.v20160421-2142
2017-12-19 19:07:45,910 - org.eclipse.mylyn.context.core - 3.20.0.v20160421-1902
2017-12-19 19:07:45,910 - org.eclipse.mylyn.context.ui - 3.20.0.v20160421-1902
2017-12-19 19:07:45,926 - org.eclipse.mylyn.resources.ui - 3.20.0.v20160421-1902
2017-12-19 19:07:45,926 - org.eclipse.mylyn.context.tasks.ui - 3.20.0.v20160608-1905
2017-12-19 19:07:45,926 - org.eclipse.emf.databinding - 1.3.0.v20160526-0356
2017-12-19 19:07:45,926 - org.eclipse.datatools.connectivity.sqm.core.ui - 1.3.0.201603142002
2017-12-19 19:07:45,926 - org.eclipse.datatools.connectivity.sqm.core - 1.3.0.201603142002
2017-12-19 19:07:45,926 - org.eclipse.datatools.connectivity.sqm.server.ui - 1.2.0.201603142002
2017-12-19 19:07:45,926 - org.eclipse.datatools.connectivity.ui.dse - 1.2.0.201603142002
2017-12-19 19:07:45,926 - org.eclipse.datatools.connectivity.ui - 1.3.0.201603142002
2017-12-19 19:07:45,926 - org.eclipse.datatools.connectivity - 1.13.0.201603142002
2017-12-19 19:07:45,926 - org.eclipse.datatools.help - 1.6.0.201603142002
2017-12-19 19:07:45,926 - org.eclipse.datatools.connectivity.console.profile - 1.1.0.201603142002
2017-12-19 19:07:45,926 - org.eclipse.oomph.setup - 1.4.0.v20160530-1355
2017-12-19 19:07:45,941 - org.eclipse.oomph.setup.edit - 1.4.0.v20160426-0423
2017-12-19 19:07:45,941 - org.eclipse.oomph.setup.core - 1.4.0.v20160530-1200
2017-12-19 19:07:45,941 - org.eclipse.oomph.setup.sync - 1.4.0.v20160426-0423
2017-12-19 19:07:45,941 - org.eclipse.oomph.setup.p2 - 1.4.0.v20160530-1200
2017-12-19 19:07:45,941 - org.eclipse.oomph.setup.p2.edit - 1.4.0.v20160426-0423
2017-12-19 19:07:45,941 - org.eclipse.oomph.preferences - 1.4.0.v20160426-0423
2017-12-19 19:07:45,941 - org.eclipse.oomph.jreinfo - 1.4.0.v20160519-0740
2017-12-19 19:07:45,941 - org.eclipse.oomph.jreinfo.win32.x86_64 - 1.2.0.v20160426-0508
2017-12-19 19:07:45,941 - org.eclipse.oomph.extractor.lib - 1.2.0.v20160519-0740
2017-12-19 19:07:45,941 - org.apache.commons.logging - 1.1.1.v201101211721
2017-12-19 19:07:45,941 - org.apache.commons.codec - 1.6.0.v201305230611
2017-12-19 19:07:45,941 - org.apache.httpcomponents.httpclient - 4.3.6.v201511171540
2017-12-19 19:07:45,941 - org.apache.httpcomponents.httpcore - 4.3.3.v201411290715
2017-12-19 19:07:45,941 - org.eclipse.userstorage - 1.0.0.v20160524-0709
2017-12-19 19:07:45,941 - org.eclipse.userstorage.ui - 1.0.0.v20151216-0912
