2017-12-19 18:57:26,403 [main] DEBUG class java.lang.Class - Starting Andmore Common Plugin...
2017-12-19 18:57:26,403 [main] DEBUG class java.lang.Class - Andmore Common Plugin started.
2017-12-19 18:57:26,403 [main] DEBUG class java.lang.Class - Starting Andmore Plugin...
2017-12-19 18:57:26,403 [main] DEBUG class java.lang.Class - Andmore Plugin started.
2017-12-19 18:57:27,544 [main] DEBUG class java.lang.Class - Starting Andmore Emulator Plugin...
2017-12-19 18:57:27,607 [main] DEBUG class java.lang.Class - Andmore Emulator Plugin started.
2017-12-19 18:57:27,607 [main] DEBUG class java.lang.Class - Starting Andmore Handset Plugin...
2017-12-19 18:57:27,607 [main] DEBUG class java.lang.Class - Andmore Handset Plugin started.
2017-12-19 18:57:27,607 [main] DEBUG class java.lang.Class - Starting Andmore Remote Device Plugin...
2017-12-19 18:57:27,607 [main] DEBUG class java.lang.Class - Starting Andmore Remote Device Plugin started.
2017-12-19 18:57:27,622 [main] DEBUG class java.lang.Class - Starting Andmore Device Services Plugin...
2017-12-19 18:57:27,622 [main] DEBUG class java.lang.Class - Andmore Device Services Plugin started.
2017-12-19 18:57:32,591 [main] DEBUG class java.lang.Class - Starting DDMS facade using listener...
2017-12-19 18:57:32,591 [main] DEBUG class java.lang.Class - DDMS facade started using listener.
2017-12-19 18:57:33,372 [Worker-5] DEBUG class org.eclipse.andmore.android.AndroidPlugin - Notify SDK loader listeners
2017-12-19 18:57:35,372 [Worker-1] DEBUG class org.eclipse.andmore.android.AndroidPlugin - Notify SDK loader listeners
2017-12-19 18:57:39,438 [Worker-0] ERROR Studio for Android - 无法实例化处理程序(PLUGIN=org.eclipse.sequoyah.device.framework;ERROR=202)
2017-12-19 18:57:39,439 [Worker-0] ERROR Studio for Android - 无法实例化处理程序(PLUGIN=org.eclipse.sequoyah.device.framework;ERROR=202)
2017-12-19 18:57:39,439 [Worker-0] ERROR Studio for Android - 无法实例化处理程序(PLUGIN=org.eclipse.sequoyah.device.framework;ERROR=202)
2017-12-19 18:57:39,439 [Worker-0] ERROR Studio for Android - 无法实例化处理程序(PLUGIN=org.eclipse.sequoyah.device.framework;ERROR=202)
2017-12-19 18:57:39,439 [Worker-0] ERROR Studio for Android - 无法实例化处理程序(PLUGIN=org.eclipse.sequoyah.device.framework;ERROR=202)
2017-12-19 18:57:39,439 [Worker-0] ERROR Studio for Android - 无法实例化处理程序(PLUGIN=org.eclipse.sequoyah.device.framework;ERROR=202)
2017-12-19 18:57:39,439 [Worker-0] ERROR Studio for Android - 无法实例化处理程序(PLUGIN=org.eclipse.sequoyah.device.framework;ERROR=202)
2017-12-19 18:57:39,439 [Worker-0] ERROR Studio for Android - 无法实例化处理程序(PLUGIN=org.eclipse.sequoyah.device.framework;ERROR=202)
2017-12-19 18:57:39,439 [Worker-0] ERROR Studio for Android - 无法实例化处理程序(PLUGIN=org.eclipse.sequoyah.device.framework;ERROR=202)
2017-12-19 18:57:39,440 [Worker-0] ERROR Studio for Android - 无法实例化处理程序(PLUGIN=org.eclipse.sequoyah.device.framework;ERROR=202)
2017-12-19 18:57:39,440 [Worker-0] ERROR Studio for Android - 无法实例化处理程序(PLUGIN=org.eclipse.sequoyah.device.framework;ERROR=202)
2017-12-19 18:57:39,440 [Worker-0] ERROR Studio for Android - 无法实例化处理程序(PLUGIN=org.eclipse.sequoyah.device.framework;ERROR=202)
2017-12-19 18:57:39,440 [Worker-0] ERROR Studio for Android - 无法实例化处理程序(PLUGIN=org.eclipse.sequoyah.device.framework;ERROR=202)
2017-12-19 18:57:39,440 [Worker-0] ERROR Studio for Android - 无法实例化处理程序(PLUGIN=org.eclipse.sequoyah.device.framework;ERROR=202)
2017-12-19 18:57:39,440 [Worker-0] ERROR Studio for Android - 无法实例化处理程序(PLUGIN=org.eclipse.sequoyah.device.framework;ERROR=202)
2017-12-19 18:57:39,440 [Worker-0] ERROR Studio for Android - 无法实例化处理程序(PLUGIN=org.eclipse.sequoyah.device.framework;ERROR=202)
2017-12-19 18:57:39,440 [Worker-0] ERROR Studio for Android - 无法实例化处理程序(PLUGIN=org.eclipse.sequoyah.device.framework;ERROR=202)
2017-12-19 18:57:39,440 [Worker-0] ERROR Studio for Android - 无法实例化处理程序(PLUGIN=org.eclipse.sequoyah.device.framework;ERROR=202)
2017-12-19 18:57:39,440 [Worker-0] ERROR Studio for Android - 无法实例化处理程序(PLUGIN=org.eclipse.sequoyah.device.framework;ERROR=202)
2017-12-19 18:57:39,440 [Worker-0] ERROR Studio for Android - 无法实例化处理程序(PLUGIN=org.eclipse.sequoyah.device.framework;ERROR=202)
2017-12-19 18:57:39,441 [Worker-0] ERROR Studio for Android - 无法实例化处理程序(PLUGIN=org.eclipse.sequoyah.device.framework;ERROR=202)
2017-12-19 18:57:39,441 [Worker-0] ERROR Studio for Android - 无法实例化处理程序(PLUGIN=org.eclipse.sequoyah.device.framework;ERROR=202)
2017-12-19 18:57:39,441 [Worker-0] ERROR Studio for Android - 无法实例化处理程序(PLUGIN=org.eclipse.sequoyah.device.framework;ERROR=202)
2017-12-19 18:57:39,441 [Worker-0] ERROR Studio for Android - 无法实例化处理程序(PLUGIN=org.eclipse.sequoyah.device.framework;ERROR=202)
2017-12-19 18:57:39,441 [Worker-0] ERROR Studio for Android - 无法实例化处理程序(PLUGIN=org.eclipse.sequoyah.device.framework;ERROR=202)
2017-12-19 18:57:39,441 [Worker-0] ERROR Studio for Android - 无法实例化处理程序(PLUGIN=org.eclipse.sequoyah.device.framework;ERROR=202)
2017-12-19 18:57:39,441 [Worker-0] ERROR Studio for Android - 无法实例化处理程序(PLUGIN=org.eclipse.sequoyah.device.framework;ERROR=202)
2017-12-19 18:57:39,441 [Worker-0] ERROR Studio for Android - 无法实例化处理程序(PLUGIN=org.eclipse.sequoyah.device.framework;ERROR=202)
2017-12-19 18:57:39,441 [Worker-0] ERROR Studio for Android - 无法实例化处理程序(PLUGIN=org.eclipse.sequoyah.device.framework;ERROR=202)
2017-12-19 18:57:39,441 [Worker-0] ERROR Studio for Android - 无法实例化处理程序(PLUGIN=org.eclipse.sequoyah.device.framework;ERROR=202)
2017-12-19 18:57:39,441 [Worker-0] INFO  Studio for Android - [Status: id=org.eclipse.andmore.android.emulator.status.offline;name=Offline]
2017-12-19 18:57:39,441 [Worker-0] INFO  Studio for Android - [Status: id=org.eclipse.andmore.android.handset.status.handsetonline;name=Online]
2017-12-19 18:57:39,441 [Worker-0] INFO  Studio for Android - [Status: id=INACTIVE;name=INACTIVE]
2017-12-19 18:57:39,441 [Worker-0] INFO  Studio for Android - [Status: id=org.eclipse.andmore.android.emulator.status.notavailable;name=Not available]
2017-12-19 18:57:39,441 [Worker-0] INFO  Studio for Android - [Status: id=IDLE;name=IDLE]
2017-12-19 18:57:39,444 [Worker-0] INFO  Studio for Android - [Status: id=org.eclipse.andmore.android.remote.status.connected;name=Connected]
2017-12-19 18:57:39,444 [Worker-0] INFO  Studio for Android - [Status: id=org.eclipse.andmore.android.remote.status.disconnected;name=Disconnected]
2017-12-19 18:57:39,444 [Worker-0] INFO  Studio for Android - [Status: id=org.eclipse.andmore.android.emulator.status.online;name=Online]
2017-12-19 18:57:39,444 [Worker-0] INFO  Studio for Android - [Status: id=OFF;name=OFF]
2017-12-19 18:57:39,444 [Worker-0] INFO  Studio for Android - [Status: id=org.eclipse.andmore.android.emulator.status.offlineNoData;name=Offline (no user data)]
2017-12-19 18:58:08,995 [Worker-3] DEBUG class org.eclipse.andmore.android.AndroidPlugin - Notify SDK loader listeners
2017-12-19 18:58:49,531 [Worker-5] DEBUG class org.eclipse.andmore.android.AndroidPlugin - Notify SDK loader listeners
2017-12-19 18:59:23,691 [main] DEBUG class java.lang.Class - Starting Eclipse Andmore Database Core Plugin...
2017-12-19 18:59:23,724 [main] DEBUG Studio for Android - JDBC Driver Location:bundleentry://69.fwk89387388/res/androidjdbc.jar JDBC Driver getBundle().getLocation():reference:file:plugins/org.eclipse.andmore.android.common_0.5.0.201605181018.jar
2017-12-19 18:59:23,738 [main] DEBUG Studio for Android - JDBC Driver Path:D:\eclipse\configuration\org.eclipse.osgi\69\0\.cp\res\androidjdbc.jar
2017-12-19 18:59:23,739 [main] DEBUG Studio for Android - JDBC Driver Location:bundleentry://69.fwk89387388/res/androidjdbc.jar JDBC Driver getBundle().getLocation():reference:file:plugins/org.eclipse.andmore.android.common_0.5.0.201605181018.jar
2017-12-19 18:59:23,739 [main] DEBUG Studio for Android - JDBC Driver Path:D:\eclipse\configuration\org.eclipse.osgi\69\0\.cp\res\androidjdbc.jar
2017-12-19 18:59:23,750 [main] INFO  Studio for Android - Created a JDBC driver instance at Data Tools.
2017-12-19 18:59:23,756 [main] DEBUG class java.lang.Class - Eclipse Andmore Database Core Plugin started.
2017-12-19 18:59:23,757 [main] DEBUG class java.lang.Class - Starting Eclipse Andmore Database Devices Support Plugin...
2017-12-19 18:59:23,760 [main] DEBUG class java.lang.Class - Eclipse Andmore Database Devices Support Plugin started...
2017-12-19 18:59:24,564 [Framework stop] DEBUG Studio for Android - org.eclipse.sequoyah.device.service.start.StartServicePlugin-SHUTDOWN
2017-12-19 18:59:24,587 [Framework stop] DEBUG Studio for Android - org.eclipse.sequoyah.device.framework.ui.DeviceUIPlugin-SHUTDOWN
2017-12-19 18:59:24,588 [Framework stop] DEBUG Studio for Android - org.eclipse.sequoyah.device.service.stop.StopServicePlugin-SHUTDOWN
2017-12-19 18:59:24,588 [Framework stop] DEBUG Studio for Android - org.eclipse.sequoyah.device.framework.DevicePlugin-SHUTDOWN
2017-12-19 19:07:45,941 [Worker-0] DEBUG class java.lang.Class - Starting Andmore Common Plugin...
2017-12-19 19:07:45,941 [Worker-0] DEBUG class java.lang.Class - Andmore Common Plugin started.
2017-12-19 19:07:45,941 [Worker-0] DEBUG class java.lang.Class - Starting Andmore Plugin...
2017-12-19 19:07:45,941 [Worker-0] DEBUG class java.lang.Class - Andmore Plugin started.
2017-12-19 19:07:45,973 [Worker-0] DEBUG class java.lang.Class - Starting Andmore Emulator Plugin...
2017-12-19 19:07:45,988 [Worker-0] DEBUG class java.lang.Class - Andmore Emulator Plugin started.
2017-12-19 19:07:46,645 [Worker-3] DEBUG class org.eclipse.andmore.android.AndroidPlugin - Notify SDK loader listeners
2017-12-19 19:07:46,691 [Worker-3] DEBUG class java.lang.Class - Starting Andmore Handset Plugin...
2017-12-19 19:07:46,707 [Worker-3] DEBUG class java.lang.Class - Andmore Handset Plugin started.
2017-12-19 19:07:46,723 [Worker-3] DEBUG class java.lang.Class - Starting Andmore Remote Device Plugin...
2017-12-19 19:07:46,723 [Worker-3] DEBUG class java.lang.Class - Starting Andmore Remote Device Plugin started.
2017-12-19 19:07:46,738 [Worker-3] DEBUG class java.lang.Class - Starting Andmore Device Services Plugin...
2017-12-19 19:07:46,738 [Worker-3] DEBUG class java.lang.Class - Andmore Device Services Plugin started.
2017-12-19 19:07:48,522 [Worker-0] ERROR Studio for Android - 无法实例化处理程序(PLUGIN=org.eclipse.sequoyah.device.framework;ERROR=202)
2017-12-19 19:07:48,522 [Worker-0] ERROR Studio for Android - 无法实例化处理程序(PLUGIN=org.eclipse.sequoyah.device.framework;ERROR=202)
2017-12-19 19:07:48,522 [Worker-0] ERROR Studio for Android - 无法实例化处理程序(PLUGIN=org.eclipse.sequoyah.device.framework;ERROR=202)
2017-12-19 19:07:48,522 [Worker-0] ERROR Studio for Android - 无法实例化处理程序(PLUGIN=org.eclipse.sequoyah.device.framework;ERROR=202)
2017-12-19 19:07:48,522 [Worker-0] ERROR Studio for Android - 无法实例化处理程序(PLUGIN=org.eclipse.sequoyah.device.framework;ERROR=202)
2017-12-19 19:07:48,522 [Worker-0] ERROR Studio for Android - 无法实例化处理程序(PLUGIN=org.eclipse.sequoyah.device.framework;ERROR=202)
2017-12-19 19:07:48,522 [Worker-0] ERROR Studio for Android - 无法实例化处理程序(PLUGIN=org.eclipse.sequoyah.device.framework;ERROR=202)
2017-12-19 19:07:48,523 [Worker-0] ERROR Studio for Android - 无法实例化处理程序(PLUGIN=org.eclipse.sequoyah.device.framework;ERROR=202)
2017-12-19 19:07:48,523 [Worker-0] ERROR Studio for Android - 无法实例化处理程序(PLUGIN=org.eclipse.sequoyah.device.framework;ERROR=202)
2017-12-19 19:07:48,523 [Worker-0] ERROR Studio for Android - 无法实例化处理程序(PLUGIN=org.eclipse.sequoyah.device.framework;ERROR=202)
2017-12-19 19:07:48,523 [Worker-0] ERROR Studio for Android - 无法实例化处理程序(PLUGIN=org.eclipse.sequoyah.device.framework;ERROR=202)
2017-12-19 19:07:48,523 [Worker-0] ERROR Studio for Android - 无法实例化处理程序(PLUGIN=org.eclipse.sequoyah.device.framework;ERROR=202)
2017-12-19 19:07:48,523 [Worker-0] ERROR Studio for Android - 无法实例化处理程序(PLUGIN=org.eclipse.sequoyah.device.framework;ERROR=202)
2017-12-19 19:07:48,523 [Worker-0] ERROR Studio for Android - 无法实例化处理程序(PLUGIN=org.eclipse.sequoyah.device.framework;ERROR=202)
2017-12-19 19:07:48,523 [Worker-0] ERROR Studio for Android - 无法实例化处理程序(PLUGIN=org.eclipse.sequoyah.device.framework;ERROR=202)
2017-12-19 19:07:48,523 [Worker-0] ERROR Studio for Android - 无法实例化处理程序(PLUGIN=org.eclipse.sequoyah.device.framework;ERROR=202)
2017-12-19 19:07:48,523 [Worker-0] ERROR Studio for Android - 无法实例化处理程序(PLUGIN=org.eclipse.sequoyah.device.framework;ERROR=202)
2017-12-19 19:07:48,523 [Worker-0] ERROR Studio for Android - 无法实例化处理程序(PLUGIN=org.eclipse.sequoyah.device.framework;ERROR=202)
2017-12-19 19:07:48,523 [Worker-0] ERROR Studio for Android - 无法实例化处理程序(PLUGIN=org.eclipse.sequoyah.device.framework;ERROR=202)
2017-12-19 19:07:48,523 [Worker-0] ERROR Studio for Android - 无法实例化处理程序(PLUGIN=org.eclipse.sequoyah.device.framework;ERROR=202)
2017-12-19 19:07:48,524 [Worker-0] ERROR Studio for Android - 无法实例化处理程序(PLUGIN=org.eclipse.sequoyah.device.framework;ERROR=202)
2017-12-19 19:07:48,524 [Worker-0] ERROR Studio for Android - 无法实例化处理程序(PLUGIN=org.eclipse.sequoyah.device.framework;ERROR=202)
2017-12-19 19:07:48,524 [Worker-0] ERROR Studio for Android - 无法实例化处理程序(PLUGIN=org.eclipse.sequoyah.device.framework;ERROR=202)
2017-12-19 19:07:48,524 [Worker-0] ERROR Studio for Android - 无法实例化处理程序(PLUGIN=org.eclipse.sequoyah.device.framework;ERROR=202)
2017-12-19 19:07:48,524 [Worker-0] ERROR Studio for Android - 无法实例化处理程序(PLUGIN=org.eclipse.sequoyah.device.framework;ERROR=202)
2017-12-19 19:07:48,524 [Worker-0] ERROR Studio for Android - 无法实例化处理程序(PLUGIN=org.eclipse.sequoyah.device.framework;ERROR=202)
2017-12-19 19:07:48,524 [Worker-0] ERROR Studio for Android - 无法实例化处理程序(PLUGIN=org.eclipse.sequoyah.device.framework;ERROR=202)
2017-12-19 19:07:48,524 [Worker-0] ERROR Studio for Android - 无法实例化处理程序(PLUGIN=org.eclipse.sequoyah.device.framework;ERROR=202)
2017-12-19 19:07:48,524 [Worker-0] ERROR Studio for Android - 无法实例化处理程序(PLUGIN=org.eclipse.sequoyah.device.framework;ERROR=202)
2017-12-19 19:07:48,524 [Worker-0] ERROR Studio for Android - 无法实例化处理程序(PLUGIN=org.eclipse.sequoyah.device.framework;ERROR=202)
2017-12-19 19:07:48,524 [Worker-0] INFO  Studio for Android - [Status: id=org.eclipse.andmore.android.emulator.status.offline;name=Offline]
2017-12-19 19:07:48,524 [Worker-0] INFO  Studio for Android - [Status: id=org.eclipse.andmore.android.handset.status.handsetonline;name=Online]
2017-12-19 19:07:48,524 [Worker-0] INFO  Studio for Android - [Status: id=INACTIVE;name=INACTIVE]
2017-12-19 19:07:48,524 [Worker-0] INFO  Studio for Android - [Status: id=org.eclipse.andmore.android.emulator.status.notavailable;name=Not available]
2017-12-19 19:07:48,524 [Worker-0] INFO  Studio for Android - [Status: id=IDLE;name=IDLE]
2017-12-19 19:07:48,524 [Worker-0] INFO  Studio for Android - [Status: id=org.eclipse.andmore.android.remote.status.connected;name=Connected]
2017-12-19 19:07:48,524 [Worker-0] INFO  Studio for Android - [Status: id=org.eclipse.andmore.android.remote.status.disconnected;name=Disconnected]
2017-12-19 19:07:48,525 [Worker-0] INFO  Studio for Android - [Status: id=org.eclipse.andmore.android.emulator.status.online;name=Online]
2017-12-19 19:07:48,525 [Worker-0] INFO  Studio for Android - [Status: id=OFF;name=OFF]
2017-12-19 19:07:48,525 [Worker-0] INFO  Studio for Android - [Status: id=org.eclipse.andmore.android.emulator.status.offlineNoData;name=Offline (no user data)]
2017-12-19 19:08:19,740 [Worker-9] DEBUG class org.eclipse.andmore.android.AndroidPlugin - Notify SDK loader listeners
2017-12-19 19:08:43,079 [main] DEBUG class java.lang.Class - Starting Eclipse Andmore Database Core Plugin...
2017-12-19 19:08:43,119 [main] DEBUG Studio for Android - JDBC Driver Location:bundleentry://69.fwk757332719/res/androidjdbc.jar JDBC Driver getBundle().getLocation():reference:file:plugins/org.eclipse.andmore.android.common_0.5.0.201605181018.jar
2017-12-19 19:08:43,120 [main] DEBUG Studio for Android - JDBC Driver Path:D:\eclipse\configuration\org.eclipse.osgi\69\0\.cp\res\androidjdbc.jar
2017-12-19 19:08:43,120 [main] DEBUG Studio for Android - JDBC Driver Location:bundleentry://69.fwk757332719/res/androidjdbc.jar JDBC Driver getBundle().getLocation():reference:file:plugins/org.eclipse.andmore.android.common_0.5.0.201605181018.jar
2017-12-19 19:08:43,120 [main] DEBUG Studio for Android - JDBC Driver Path:D:\eclipse\configuration\org.eclipse.osgi\69\0\.cp\res\androidjdbc.jar
2017-12-19 19:08:43,127 [main] DEBUG class java.lang.Class - Eclipse Andmore Database Core Plugin started.
2017-12-19 19:08:43,127 [main] DEBUG class java.lang.Class - Starting Eclipse Andmore Database Devices Support Plugin...
2017-12-19 19:08:43,130 [main] DEBUG class java.lang.Class - Eclipse Andmore Database Devices Support Plugin started...
2017-12-19 19:08:43,946 [Framework stop] DEBUG Studio for Android - org.eclipse.sequoyah.device.service.start.StartServicePlugin-SHUTDOWN
2017-12-19 19:08:43,953 [Framework stop] DEBUG Studio for Android - org.eclipse.sequoyah.device.framework.ui.DeviceUIPlugin-SHUTDOWN
2017-12-19 19:08:43,953 [Framework stop] DEBUG Studio for Android - org.eclipse.sequoyah.device.service.stop.StopServicePlugin-SHUTDOWN
2017-12-19 19:08:43,953 [Framework stop] DEBUG Studio for Android - org.eclipse.sequoyah.device.framework.DevicePlugin-SHUTDOWN
