Asterisk (*) preceding a constraint indicates it was not met.
   This may be due to a setup or hold violation.

------------------------------------------------------------------------------------------------------
  Constraint                                |  Check  | Worst Case |  Best Case | Timing |   Timing   
                                            |         |    Slack   | Achievable | Errors |    Score   
------------------------------------------------------------------------------------------------------
* NET "user_clk" PERIOD = 8 ns HIGH 50%     | SETUP   |     0.020ns|     7.980ns|       0|           0
                                            | HOLD    |    -1.094ns|            |      81|       31916
------------------------------------------------------------------------------------------------------
* NET "core_clk" PERIOD = 4 ns HIGH 50%     | SETUP   |     0.085ns|     3.915ns|       0|           0
                                            | HOLD    |    -0.713ns|            |      64|       29931
------------------------------------------------------------------------------------------------------
  NET "dut_b/pcie_top_inst/pcie_gt_wrapper_ | MAXDELAY|     0.016ns|     0.984ns|       0|           0
  i/gt_tx_power_down_reg<7>" MAXDELAY =     |         |            |            |        |            
       1 ns                                 |         |            |            |        |            
------------------------------------------------------------------------------------------------------
  NET "dut_b/pcie_top_inst/pcie_gt_wrapper_ | MAXDELAY|     0.016ns|     0.984ns|       0|           0
  i/gt_tx_power_down_reg<3>" MAXDELAY =     |         |            |            |        |            
       1 ns                                 |         |            |            |        |            
------------------------------------------------------------------------------------------------------
  NET "dut_b/pcie_top_inst/pcie_gt_wrapper_ | MAXDELAY|     0.020ns|     0.980ns|       0|           0
  i/gt_tx_data_reg<13>" MAXDELAY = 1        |         |            |            |        |            
    ns                                      |         |            |            |        |            
------------------------------------------------------------------------------------------------------
  NET "dut_b/pcie_top_inst/pcie_gt_wrapper_ | MAXDELAY|     0.110ns|     0.890ns|       0|           0
  i/gt_tx_power_down_reg<1>" MAXDELAY =     |         |            |            |        |            
       1 ns                                 |         |            |            |        |            
------------------------------------------------------------------------------------------------------
  NET "dut_b/pcie_top_inst/pcie_gt_wrapper_ | MAXDELAY|     0.114ns|     0.886ns|       0|           0
  i/gt_tx_power_down_reg<4>" MAXDELAY =     |         |            |            |        |            
       1 ns                                 |         |            |            |        |            
------------------------------------------------------------------------------------------------------
  NET "dut_b/pcie_top_inst/pcie_gt_wrapper_ | MAXDELAY|     0.137ns|     0.863ns|       0|           0
  i/gt_tx_detect_rx_loopback_reg<2>"        |         |            |            |        |            
    MAXDELAY = 1 ns                         |         |            |            |        |            
------------------------------------------------------------------------------------------------------
  NET "dut_b/pcie_top_inst/pcie_gt_wrapper_ | MAXDELAY|     0.140ns|     0.860ns|       0|           0
  i/gt_tx_elec_idle_reg<2>" MAXDELAY =      |         |            |            |        |            
      1 ns                                  |         |            |            |        |            
------------------------------------------------------------------------------------------------------
  NET "dut_b/pcie_top_inst/pcie_gt_wrapper_ | MAXDELAY|     0.142ns|     0.858ns|       0|           0
  i/gt_tx_compliance_reg<3>" MAXDELAY =     |         |            |            |        |            
       1 ns                                 |         |            |            |        |            
------------------------------------------------------------------------------------------------------
  NET "dut_b/pcie_top_inst/pcie_gt_wrapper_ | MAXDELAY|     0.156ns|     0.844ns|       0|           0
  i/gt_tx_power_down_reg<5>" MAXDELAY =     |         |            |            |        |            
       1 ns                                 |         |            |            |        |            
------------------------------------------------------------------------------------------------------
  NET "dut_b/pcie_top_inst/pcie_gt_wrapper_ | MAXDELAY|     0.159ns|     0.841ns|       0|           0
  i/gt_tx_detect_rx_loopback_reg<3>"        |         |            |            |        |            
    MAXDELAY = 1 ns                         |         |            |            |        |            
------------------------------------------------------------------------------------------------------
  NET "dut_b/pcie_top_inst/pcie_gt_wrapper_ | MAXDELAY|     0.164ns|     0.836ns|       0|           0
  i/gt_tx_compliance_reg<1>" MAXDELAY =     |         |            |            |        |            
       1 ns                                 |         |            |            |        |            
------------------------------------------------------------------------------------------------------
  NET "dut_b/pcie_top_inst/pcie_gt_wrapper_ | MAXDELAY|     0.164ns|     0.836ns|       0|           0
  i/gt_tx_data_reg<15>" MAXDELAY = 1        |         |            |            |        |            
    ns                                      |         |            |            |        |            
------------------------------------------------------------------------------------------------------
  NET "dut_b/pcie_top_inst/pcie_gt_wrapper_ | MAXDELAY|     0.166ns|     0.834ns|       0|           0
  i/gt_tx_data_reg<21>" MAXDELAY = 1        |         |            |            |        |            
    ns                                      |         |            |            |        |            
------------------------------------------------------------------------------------------------------
  NET "dut_b/pcie_top_inst/pcie_gt_wrapper_ | MAXDELAY|     0.166ns|     0.834ns|       0|           0
  i/gt_tx_data_reg<17>" MAXDELAY = 1        |         |            |            |        |            
    ns                                      |         |            |            |        |            
------------------------------------------------------------------------------------------------------
  NET "dut_b/pcie_top_inst/pcie_gt_wrapper_ | MAXDELAY|     0.166ns|     0.834ns|       0|           0
  i/gt_tx_data_reg<29>" MAXDELAY = 1        |         |            |            |        |            
    ns                                      |         |            |            |        |            
------------------------------------------------------------------------------------------------------
  NET "dut_b/pcie_top_inst/pcie_gt_wrapper_ | MAXDELAY|     0.166ns|     0.834ns|       0|           0
  i/gt_tx_data_reg<5>" MAXDELAY = 1 ns      |         |            |            |        |            
------------------------------------------------------------------------------------------------------
  NET "dut_b/pcie_top_inst/pcie_gt_wrapper_ | MAXDELAY|     0.171ns|     0.829ns|       0|           0
  i/gt_tx_data_reg<27>" MAXDELAY = 1        |         |            |            |        |            
    ns                                      |         |            |            |        |            
------------------------------------------------------------------------------------------------------
  NET "dut_b/pcie_top_inst/pcie_gt_wrapper_ | MAXDELAY|     0.175ns|     0.825ns|       0|           0
  i/gt_tx_data_k_reg<1>" MAXDELAY = 1       |         |            |            |        |            
     ns                                     |         |            |            |        |            
------------------------------------------------------------------------------------------------------
  NET "dut_b/pcie_top_inst/pcie_gt_wrapper_ | MAXDELAY|     0.177ns|     0.823ns|       0|           0
  i/gt_tx_data_reg<1>" MAXDELAY = 1 ns      |         |            |            |        |            
------------------------------------------------------------------------------------------------------
  NET "dut_b/pcie_top_inst/pcie_gt_wrapper_ | MAXDELAY|     0.178ns|     0.822ns|       0|           0
  i/gt_tx_data_reg<9>" MAXDELAY = 1 ns      |         |            |            |        |            
------------------------------------------------------------------------------------------------------
  NET "dut_b/pcie_top_inst/pcie_gt_wrapper_ | MAXDELAY|     0.178ns|     0.822ns|       0|           0
  i/gt_tx_data_reg<25>" MAXDELAY = 1        |         |            |            |        |            
    ns                                      |         |            |            |        |            
------------------------------------------------------------------------------------------------------
  NET "dut_b/pcie_top_inst/pcie_gt_wrapper_ | MAXDELAY|     0.180ns|     0.820ns|       0|           0
  i/gt_tx_data_k_reg<2>" MAXDELAY = 1       |         |            |            |        |            
     ns                                     |         |            |            |        |            
------------------------------------------------------------------------------------------------------
  NET "dut_b/pcie_top_inst/pcie_gt_wrapper_ | MAXDELAY|     0.191ns|     0.809ns|       0|           0
  i/gt_tx_elec_idle_reg<0>" MAXDELAY =      |         |            |            |        |            
      1 ns                                  |         |            |            |        |            
------------------------------------------------------------------------------------------------------
  NET "dut_b/pcie_top_inst/pcie_gt_wrapper_ | MAXDELAY|     0.288ns|     0.712ns|       0|           0
  i/gt_tx_power_down_reg<0>" MAXDELAY =     |         |            |            |        |            
       1 ns                                 |         |            |            |        |            
------------------------------------------------------------------------------------------------------
  NET "dut_b/pcie_top_inst/pcie_gt_wrapper_ | MAXDELAY|     0.294ns|     0.706ns|       0|           0
  i/gt_tx_data_reg<11>" MAXDELAY = 1        |         |            |            |        |            
    ns                                      |         |            |            |        |            
------------------------------------------------------------------------------------------------------
  NET "dut_b/pcie_top_inst/pcie_gt_wrapper_ | MAXDELAY|     0.294ns|     0.706ns|       0|           0
  i/gt_tx_data_reg<14>" MAXDELAY = 1        |         |            |            |        |            
    ns                                      |         |            |            |        |            
------------------------------------------------------------------------------------------------------
  NET "dut_b/pcie_top_inst/pcie_gt_wrapper_ | MAXDELAY|     0.294ns|     0.706ns|       0|           0
  i/gt_tx_detect_rx_loopback_reg<1>"        |         |            |            |        |            
    MAXDELAY = 1 ns                         |         |            |            |        |            
------------------------------------------------------------------------------------------------------
  NET "dut_b/pcie_top_inst/pcie_gt_wrapper_ | MAXDELAY|     0.295ns|     0.705ns|       0|           0
  i/gt_tx_data_reg<28>" MAXDELAY = 1        |         |            |            |        |            
    ns                                      |         |            |            |        |            
------------------------------------------------------------------------------------------------------
  NET "dut_b/pcie_top_inst/pcie_gt_wrapper_ | MAXDELAY|     0.295ns|     0.705ns|       0|           0
  i/gt_tx_data_reg<4>" MAXDELAY = 1 ns      |         |            |            |        |            
------------------------------------------------------------------------------------------------------
  NET "dut_b/pcie_top_inst/pcie_gt_wrapper_ | MAXDELAY|     0.295ns|     0.705ns|       0|           0
  i/gt_tx_data_reg<20>" MAXDELAY = 1        |         |            |            |        |            
    ns                                      |         |            |            |        |            
------------------------------------------------------------------------------------------------------
  NET "dut_b/pcie_top_inst/pcie_gt_wrapper_ | MAXDELAY|     0.295ns|     0.705ns|       0|           0
  i/gt_tx_data_reg<16>" MAXDELAY = 1        |         |            |            |        |            
    ns                                      |         |            |            |        |            
------------------------------------------------------------------------------------------------------
  NET "dut_b/pcie_top_inst/pcie_gt_wrapper_ | MAXDELAY|     0.295ns|     0.705ns|       0|           0
  i/gt_tx_data_reg<12>" MAXDELAY = 1        |         |            |            |        |            
    ns                                      |         |            |            |        |            
------------------------------------------------------------------------------------------------------
  NET "dut_b/pcie_top_inst/pcie_gt_wrapper_ | MAXDELAY|     0.295ns|     0.705ns|       0|           0
  i/gt_tx_data_reg<24>" MAXDELAY = 1        |         |            |            |        |            
    ns                                      |         |            |            |        |            
------------------------------------------------------------------------------------------------------
  NET "dut_b/pcie_top_inst/pcie_gt_wrapper_ | MAXDELAY|     0.295ns|     0.705ns|       0|           0
  i/gt_tx_data_reg<8>" MAXDELAY = 1 ns      |         |            |            |        |            
------------------------------------------------------------------------------------------------------
  NET "dut_b/pcie_top_inst/pcie_gt_wrapper_ | MAXDELAY|     0.296ns|     0.704ns|       0|           0
  i/gt_tx_elec_idle_reg<3>" MAXDELAY =      |         |            |            |        |            
      1 ns                                  |         |            |            |        |            
------------------------------------------------------------------------------------------------------
  NET "dut_b/pcie_top_inst/pcie_gt_wrapper_ | MAXDELAY|     0.296ns|     0.704ns|       0|           0
  i/gt_tx_data_k_reg<0>" MAXDELAY = 1       |         |            |            |        |            
     ns                                     |         |            |            |        |            
------------------------------------------------------------------------------------------------------
  NET "dut_b/pcie_top_inst/pcie_gt_wrapper_ | MAXDELAY|     0.296ns|     0.704ns|       0|           0
  i/gt_tx_detect_rx_loopback_reg<0>"        |         |            |            |        |            
    MAXDELAY = 1 ns                         |         |            |            |        |            
------------------------------------------------------------------------------------------------------
  NET "dut_b/pcie_top_inst/pcie_gt_wrapper_ | MAXDELAY|     0.297ns|     0.703ns|       0|           0
  i/gt_tx_data_reg<31>" MAXDELAY = 1        |         |            |            |        |            
    ns                                      |         |            |            |        |            
------------------------------------------------------------------------------------------------------
  NET "dut_b/pcie_top_inst/pcie_gt_wrapper_ | MAXDELAY|     0.298ns|     0.702ns|       0|           0
  i/gt_tx_data_reg<0>" MAXDELAY = 1 ns      |         |            |            |        |            
------------------------------------------------------------------------------------------------------
  NET "dut_b/pcie_top_inst/pcie_gt_wrapper_ | MAXDELAY|     0.309ns|     0.691ns|       0|           0
  i/gt_tx_data_reg<23>" MAXDELAY = 1        |         |            |            |        |            
    ns                                      |         |            |            |        |            
------------------------------------------------------------------------------------------------------
  NET "dut_b/pcie_top_inst/pcie_gt_wrapper_ | MAXDELAY|     0.311ns|     0.689ns|       0|           0
  i/gt_tx_data_reg<19>" MAXDELAY = 1        |         |            |            |        |            
    ns                                      |         |            |            |        |            
------------------------------------------------------------------------------------------------------
  NET "dut_b/pcie_top_inst/pcie_gt_wrapper_ | MAXDELAY|     0.311ns|     0.689ns|       0|           0
  i/gt_tx_data_reg<7>" MAXDELAY = 1 ns      |         |            |            |        |            
------------------------------------------------------------------------------------------------------
  NET "dut_b/pcie_top_inst/pcie_gt_wrapper_ | MAXDELAY|     0.311ns|     0.689ns|       0|           0
  i/gt_tx_data_reg<3>" MAXDELAY = 1 ns      |         |            |            |        |            
------------------------------------------------------------------------------------------------------
  NET "dut_b/pcie_top_inst/pcie_gt_wrapper_ | MAXDELAY|     0.312ns|     0.688ns|       0|           0
  i/gt_tx_data_reg<10>" MAXDELAY = 1        |         |            |            |        |            
    ns                                      |         |            |            |        |            
------------------------------------------------------------------------------------------------------
  NET "dut_b/pcie_top_inst/pcie_gt_wrapper_ | MAXDELAY|     0.312ns|     0.688ns|       0|           0
  i/gt_tx_data_reg<26>" MAXDELAY = 1        |         |            |            |        |            
    ns                                      |         |            |            |        |            
------------------------------------------------------------------------------------------------------
  NET "dut_b/pcie_top_inst/pcie_gt_wrapper_ | MAXDELAY|     0.312ns|     0.688ns|       0|           0
  i/gt_tx_data_reg<30>" MAXDELAY = 1        |         |            |            |        |            
    ns                                      |         |            |            |        |            
------------------------------------------------------------------------------------------------------
  NET "dut_b/pcie_top_inst/pcie_gt_wrapper_ | MAXDELAY|     0.335ns|     0.665ns|       0|           0
  i/gt_tx_compliance_reg<2>" MAXDELAY =     |         |            |            |        |            
       1 ns                                 |         |            |            |        |            
------------------------------------------------------------------------------------------------------
  NET "dut_b/pcie_top_inst/pcie_gt_wrapper_ | MAXDELAY|     0.335ns|     0.665ns|       0|           0
  i/gt_tx_elec_idle_reg<1>" MAXDELAY =      |         |            |            |        |            
      1 ns                                  |         |            |            |        |            
------------------------------------------------------------------------------------------------------
  NET "dut_b/pcie_top_inst/pcie_gt_wrapper_ | MAXDELAY|     0.335ns|     0.665ns|       0|           0
  i/gt_tx_compliance_reg<0>" MAXDELAY =     |         |            |            |        |            
       1 ns                                 |         |            |            |        |            
------------------------------------------------------------------------------------------------------
  NET "dut_b/pcie_top_inst/pcie_gt_wrapper_ | MAXDELAY|     0.470ns|     0.530ns|       0|           0
  i/gt_tx_data_reg<22>" MAXDELAY = 1        |         |            |            |        |            
    ns                                      |         |            |            |        |            
------------------------------------------------------------------------------------------------------
  NET "dut_b/pcie_top_inst/pcie_gt_wrapper_ | MAXDELAY|     0.470ns|     0.530ns|       0|           0
  i/gt_tx_data_reg<18>" MAXDELAY = 1        |         |            |            |        |            
    ns                                      |         |            |            |        |            
------------------------------------------------------------------------------------------------------
  NET "dut_b/pcie_top_inst/pcie_gt_wrapper_ | MAXDELAY|     0.470ns|     0.530ns|       0|           0
  i/gt_tx_data_reg<6>" MAXDELAY = 1 ns      |         |            |            |        |            
------------------------------------------------------------------------------------------------------
  NET "dut_b/pcie_top_inst/pcie_gt_wrapper_ | MAXDELAY|     0.470ns|     0.530ns|       0|           0
  i/gt_tx_data_reg<2>" MAXDELAY = 1 ns      |         |            |            |        |            
------------------------------------------------------------------------------------------------------
  NET "dut_b/pcie_top_inst/pcie_gt_wrapper_ | MAXDELAY|     0.493ns|     0.507ns|       0|           0
  i/gt_tx_data_k_reg<3>" MAXDELAY = 1       |         |            |            |        |            
     ns                                     |         |            |            |        |            
------------------------------------------------------------------------------------------------------
  NET "dut_b/pcie_top_inst/pcie_gt_wrapper_ | MAXDELAY|     0.493ns|     0.507ns|       0|           0
  i/gt_tx_power_down_reg<2>" MAXDELAY =     |         |            |            |        |            
       1 ns                                 |         |            |            |        |            
------------------------------------------------------------------------------------------------------
  NET "dut_b/pcie_top_inst/pcie_gt_wrapper_ | MAXDELAY|     0.493ns|     0.507ns|       0|           0
  i/gt_tx_power_down_reg<6>" MAXDELAY =     |         |            |            |        |            
       1 ns                                 |         |            |            |        |            
------------------------------------------------------------------------------------------------------
  Pin to Pin Skew Constraint                | MAXDELAY| 2106523.567ns| 2106523.837ns|       0|           0
------------------------------------------------------------------------------------------------------


2 constraints not met.


